Analysis & Synthesis report for lab3
Thu Feb 02 23:10:14 2023
Quartus Prime Version 17.0.0 Build 595 04/25/2017 SJ Lite Edition


---------------------
; Table of Contents ;
---------------------
  1. Legal Notice
  2. Analysis & Synthesis Summary
  3. Analysis & Synthesis Settings
  4. Parallel Compilation
  5. Analysis & Synthesis Source Files Read
  6. Analysis & Synthesis Resource Usage Summary
  7. Analysis & Synthesis Resource Utilization by Entity
  8. Analysis & Synthesis RAM Summary
  9. Registers Removed During Synthesis
 10. General Register Statistics
 11. Registers Packed Into Inferred Megafunctions
 12. Multiplexer Restructuring Statistics (Restructuring Performed)
 13. Source assignments for VGA_framebuffer:fb|altsyncram:buffer_rtl_0|altsyncram_0cq1:auto_generated
 14. Parameter Settings for User Entity Instance: animator:anim
 15. Parameter Settings for User Entity Instance: fill_space:clearer
 16. Parameter Settings for Inferred Entity Instance: VGA_framebuffer:fb|altsyncram:buffer_rtl_0
 17. altsyncram Parameter Settings by Entity Instance
 18. Port Connectivity Checks: "animator:anim|counter_32b:frame_counter"
 19. Port Connectivity Checks: "animator:anim|counter_32b:timer"
 20. Port Connectivity Checks: "VGA_framebuffer:fb"
 21. Post-Synthesis Netlist Statistics for Top Partition
 22. Elapsed Time Per Partition
 23. Analysis & Synthesis Messages



----------------
; Legal Notice ;
----------------
Copyright (C) 2017  Intel Corporation. All rights reserved.
Your use of Intel Corporation's design tools, logic functions 
and other software and tools, and its AMPP partner logic 
functions, and any output files from any of the foregoing 
(including device programming or simulation files), and any 
associated documentation or information are expressly subject 
to the terms and conditions of the Intel Program License 
Subscription Agreement, the Intel Quartus Prime License Agreement,
the Intel MegaCore Function License Agreement, or other 
applicable license agreement, including, without limitation, 
that your use is for the sole purpose of programming logic 
devices manufactured by Intel and sold by Intel or its 
authorized distributors.  Please refer to the applicable 
agreement for further details.



+-------------------------------------------------------------------------------+
; Analysis & Synthesis Summary                                                  ;
+---------------------------------+---------------------------------------------+
; Analysis & Synthesis Status     ; Successful - Thu Feb 02 23:10:14 2023       ;
; Quartus Prime Version           ; 17.0.0 Build 595 04/25/2017 SJ Lite Edition ;
; Revision Name                   ; lab3                                        ;
; Top-level Entity Name           ; DE1_SoC                                     ;
; Family                          ; Cyclone V                                   ;
; Logic utilization (in ALMs)     ; N/A                                         ;
; Total registers                 ; 179                                         ;
; Total pins                      ; 96                                          ;
; Total virtual pins              ; 0                                           ;
; Total block memory bits         ; 614,400                                     ;
; Total DSP Blocks                ; 0                                           ;
; Total HSSI RX PCSs              ; 0                                           ;
; Total HSSI PMA RX Deserializers ; 0                                           ;
; Total HSSI TX PCSs              ; 0                                           ;
; Total HSSI PMA TX Serializers   ; 0                                           ;
; Total PLLs                      ; 0                                           ;
; Total DLLs                      ; 0                                           ;
+---------------------------------+---------------------------------------------+


+---------------------------------------------------------------------------------------------------------------------------+
; Analysis & Synthesis Settings                                                                                             ;
+---------------------------------------------------------------------------------+--------------------+--------------------+
; Option                                                                          ; Setting            ; Default Value      ;
+---------------------------------------------------------------------------------+--------------------+--------------------+
; Device                                                                          ; 5CSEMA5F31C6       ;                    ;
; Top-level entity name                                                           ; DE1_SoC            ; lab3               ;
; Family name                                                                     ; Cyclone V          ; Cyclone V          ;
; Use smart compilation                                                           ; Off                ; Off                ;
; Enable parallel Assembler and TimeQuest Timing Analyzer during compilation      ; On                 ; On                 ;
; Enable compact report table                                                     ; Off                ; Off                ;
; Restructure Multiplexers                                                        ; Auto               ; Auto               ;
; MLAB Add Timing Constraints For Mixed-Port Feed-Through Mode Setting Don't Care ; Off                ; Off                ;
; Create Debugging Nodes for IP Cores                                             ; Off                ; Off                ;
; Preserve fewer node names                                                       ; On                 ; On                 ;
; OpenCore Plus hardware evaluation                                               ; Enable             ; Enable             ;
; Verilog Version                                                                 ; Verilog_2001       ; Verilog_2001       ;
; VHDL Version                                                                    ; VHDL_1993          ; VHDL_1993          ;
; State Machine Processing                                                        ; Auto               ; Auto               ;
; Safe State Machine                                                              ; Off                ; Off                ;
; Extract Verilog State Machines                                                  ; On                 ; On                 ;
; Extract VHDL State Machines                                                     ; On                 ; On                 ;
; Ignore Verilog initial constructs                                               ; Off                ; Off                ;
; Iteration limit for constant Verilog loops                                      ; 5000               ; 5000               ;
; Iteration limit for non-constant Verilog loops                                  ; 250                ; 250                ;
; Add Pass-Through Logic to Inferred RAMs                                         ; On                 ; On                 ;
; Infer RAMs from Raw Logic                                                       ; On                 ; On                 ;
; Parallel Synthesis                                                              ; On                 ; On                 ;
; DSP Block Balancing                                                             ; Auto               ; Auto               ;
; NOT Gate Push-Back                                                              ; On                 ; On                 ;
; Power-Up Don't Care                                                             ; On                 ; On                 ;
; Remove Redundant Logic Cells                                                    ; Off                ; Off                ;
; Remove Duplicate Registers                                                      ; On                 ; On                 ;
; Ignore CARRY Buffers                                                            ; Off                ; Off                ;
; Ignore CASCADE Buffers                                                          ; Off                ; Off                ;
; Ignore GLOBAL Buffers                                                           ; Off                ; Off                ;
; Ignore ROW GLOBAL Buffers                                                       ; Off                ; Off                ;
; Ignore LCELL Buffers                                                            ; Off                ; Off                ;
; Ignore SOFT Buffers                                                             ; On                 ; On                 ;
; Limit AHDL Integers to 32 Bits                                                  ; Off                ; Off                ;
; Optimization Technique                                                          ; Balanced           ; Balanced           ;
; Carry Chain Length                                                              ; 70                 ; 70                 ;
; Auto Carry Chains                                                               ; On                 ; On                 ;
; Auto Open-Drain Pins                                                            ; On                 ; On                 ;
; Perform WYSIWYG Primitive Resynthesis                                           ; Off                ; Off                ;
; Auto ROM Replacement                                                            ; On                 ; On                 ;
; Auto RAM Replacement                                                            ; On                 ; On                 ;
; Auto DSP Block Replacement                                                      ; On                 ; On                 ;
; Auto Shift Register Replacement                                                 ; Auto               ; Auto               ;
; Allow Shift Register Merging across Hierarchies                                 ; Auto               ; Auto               ;
; Auto Clock Enable Replacement                                                   ; On                 ; On                 ;
; Strict RAM Replacement                                                          ; Off                ; Off                ;
; Allow Synchronous Control Signals                                               ; On                 ; On                 ;
; Force Use of Synchronous Clear Signals                                          ; Off                ; Off                ;
; Auto Resource Sharing                                                           ; Off                ; Off                ;
; Allow Any RAM Size For Recognition                                              ; Off                ; Off                ;
; Allow Any ROM Size For Recognition                                              ; Off                ; Off                ;
; Allow Any Shift Register Size For Recognition                                   ; Off                ; Off                ;
; Use LogicLock Constraints during Resource Balancing                             ; On                 ; On                 ;
; Ignore translate_off and synthesis_off directives                               ; Off                ; Off                ;
; Timing-Driven Synthesis                                                         ; On                 ; On                 ;
; Report Parameter Settings                                                       ; On                 ; On                 ;
; Report Source Assignments                                                       ; On                 ; On                 ;
; Report Connectivity Checks                                                      ; On                 ; On                 ;
; Ignore Maximum Fan-Out Assignments                                              ; Off                ; Off                ;
; Synchronization Register Chain Length                                           ; 3                  ; 3                  ;
; PowerPlay Power Optimization During Synthesis                                   ; Normal compilation ; Normal compilation ;
; HDL message level                                                               ; Level2             ; Level2             ;
; Suppress Register Optimization Related Messages                                 ; Off                ; Off                ;
; Number of Removed Registers Reported in Synthesis Report                        ; 5000               ; 5000               ;
; Number of Swept Nodes Reported in Synthesis Report                              ; 5000               ; 5000               ;
; Number of Inverted Registers Reported in Synthesis Report                       ; 100                ; 100                ;
; Clock MUX Protection                                                            ; On                 ; On                 ;
; Auto Gated Clock Conversion                                                     ; Off                ; Off                ;
; Block Design Naming                                                             ; Auto               ; Auto               ;
; SDC constraint protection                                                       ; Off                ; Off                ;
; Synthesis Effort                                                                ; Auto               ; Auto               ;
; Shift Register Replacement - Allow Asynchronous Clear Signal                    ; On                 ; On                 ;
; Pre-Mapping Resynthesis Optimization                                            ; Off                ; Off                ;
; Analysis & Synthesis Message Level                                              ; Medium             ; Medium             ;
; Disable Register Merging Across Hierarchies                                     ; Auto               ; Auto               ;
; Resource Aware Inference For Block RAM                                          ; On                 ; On                 ;
; Automatic Parallel Synthesis                                                    ; On                 ; On                 ;
; Partial Reconfiguration Bitstream ID                                            ; Off                ; Off                ;
+---------------------------------------------------------------------------------+--------------------+--------------------+


+------------------------------------------+
; Parallel Compilation                     ;
+----------------------------+-------------+
; Processors                 ; Number      ;
+----------------------------+-------------+
; Number detected on machine ; 12          ;
; Maximum allowed            ; 12          ;
;                            ;             ;
; Average used               ; 1.00        ;
; Maximum used               ; 12          ;
;                            ;             ;
; Usage by Processor         ; % Time Used ;
;     Processor 1            ; 100.0%      ;
;     Processor 2            ;   0.0%      ;
;     Processor 3            ;   0.0%      ;
;     Processor 4            ;   0.0%      ;
;     Processor 5            ;   0.0%      ;
;     Processor 6            ;   0.0%      ;
;     Processor 7            ;   0.0%      ;
;     Processor 8            ;   0.0%      ;
;     Processors 9-12        ;   0.0%      ;
+----------------------------+-------------+


+----------------------------------------------------------------------------------------------------------------------------------------------------------------------------+
; Analysis & Synthesis Source Files Read                                                                                                                                     ;
+----------------------------------+-----------------+------------------------------+------------------------------------------------------------------------------+---------+
; File Name with User-Entered Path ; Used in Netlist ; File Type                    ; File Name with Absolute Path                                                 ; Library ;
+----------------------------------+-----------------+------------------------------+------------------------------------------------------------------------------+---------+
; VGA_framebuffer.sv               ; yes             ; User SystemVerilog HDL File  ; C:/Users/there/OneDrive - UW/CSE 371/lab3/VGA_framebuffer.sv                 ;         ;
; line_drawer.sv                   ; yes             ; User SystemVerilog HDL File  ; C:/Users/there/OneDrive - UW/CSE 371/lab3/line_drawer.sv                     ;         ;
; DE1_SoC.sv                       ; yes             ; User SystemVerilog HDL File  ; C:/Users/there/OneDrive - UW/CSE 371/lab3/DE1_SoC.sv                         ;         ;
; counter_32b.sv                   ; yes             ; User SystemVerilog HDL File  ; C:/Users/there/OneDrive - UW/CSE 371/lab3/counter_32b.sv                     ;         ;
; animator.sv                      ; yes             ; User SystemVerilog HDL File  ; C:/Users/there/OneDrive - UW/CSE 371/lab3/animator.sv                        ;         ;
; fill_space.sv                    ; yes             ; User SystemVerilog HDL File  ; C:/Users/there/OneDrive - UW/CSE 371/lab3/fill_space.sv                      ;         ;
; altsyncram.tdf                   ; yes             ; Megafunction                 ; c:/intelfpga_lite/17.0/quartus/libraries/megafunctions/altsyncram.tdf        ;         ;
; stratix_ram_block.inc            ; yes             ; Megafunction                 ; c:/intelfpga_lite/17.0/quartus/libraries/megafunctions/stratix_ram_block.inc ;         ;
; lpm_mux.inc                      ; yes             ; Megafunction                 ; c:/intelfpga_lite/17.0/quartus/libraries/megafunctions/lpm_mux.inc           ;         ;
; lpm_decode.inc                   ; yes             ; Megafunction                 ; c:/intelfpga_lite/17.0/quartus/libraries/megafunctions/lpm_decode.inc        ;         ;
; aglobal170.inc                   ; yes             ; Megafunction                 ; c:/intelfpga_lite/17.0/quartus/libraries/megafunctions/aglobal170.inc        ;         ;
; a_rdenreg.inc                    ; yes             ; Megafunction                 ; c:/intelfpga_lite/17.0/quartus/libraries/megafunctions/a_rdenreg.inc         ;         ;
; altrom.inc                       ; yes             ; Megafunction                 ; c:/intelfpga_lite/17.0/quartus/libraries/megafunctions/altrom.inc            ;         ;
; altram.inc                       ; yes             ; Megafunction                 ; c:/intelfpga_lite/17.0/quartus/libraries/megafunctions/altram.inc            ;         ;
; altdpram.inc                     ; yes             ; Megafunction                 ; c:/intelfpga_lite/17.0/quartus/libraries/megafunctions/altdpram.inc          ;         ;
; db/altsyncram_0cq1.tdf           ; yes             ; Auto-Generated Megafunction  ; C:/Users/there/OneDrive - UW/CSE 371/lab3/db/altsyncram_0cq1.tdf             ;         ;
; db/decode_5na.tdf                ; yes             ; Auto-Generated Megafunction  ; C:/Users/there/OneDrive - UW/CSE 371/lab3/db/decode_5na.tdf                  ;         ;
; db/mux_ehb.tdf                   ; yes             ; Auto-Generated Megafunction  ; C:/Users/there/OneDrive - UW/CSE 371/lab3/db/mux_ehb.tdf                     ;         ;
+----------------------------------+-----------------+------------------------------+------------------------------------------------------------------------------+---------+


+--------------------------------------------------------------+
; Analysis & Synthesis Resource Usage Summary                  ;
+---------------------------------------------+----------------+
; Resource                                    ; Usage          ;
+---------------------------------------------+----------------+
; Estimate of Logic utilization (ALMs needed) ; 675            ;
;                                             ;                ;
; Combinational ALUT usage for logic          ; 1023           ;
;     -- 7 input functions                    ; 5              ;
;     -- 6 input functions                    ; 322            ;
;     -- 5 input functions                    ; 168            ;
;     -- 4 input functions                    ; 137            ;
;     -- <=3 input functions                  ; 391            ;
;                                             ;                ;
; Dedicated logic registers                   ; 179            ;
;                                             ;                ;
; I/O pins                                    ; 96             ;
; Total MLAB memory bits                      ; 0              ;
; Total block memory bits                     ; 614400         ;
;                                             ;                ;
; Total DSP Blocks                            ; 0              ;
;                                             ;                ;
; Maximum fan-out node                        ; CLOCK_50~input ;
; Maximum fan-out                             ; 254            ;
; Total fan-out                               ; 7189           ;
; Average fan-out                             ; 4.89           ;
+---------------------------------------------+----------------+


+---------------------------------------------------------------------------------------------------------------------------------------------------------------------------------------------------------------------------------------------------------------------------------------------+
; Analysis & Synthesis Resource Utilization by Entity                                                                                                                                                                                                                                         ;
+-------------------------------------------+---------------------+---------------------------+-------------------+------------+------+--------------+-------------------------------------------------------------------------------------------------------+-----------------+--------------+
; Compilation Hierarchy Node                ; Combinational ALUTs ; Dedicated Logic Registers ; Block Memory Bits ; DSP Blocks ; Pins ; Virtual Pins ; Full Hierarchy Name                                                                                   ; Entity Name     ; Library Name ;
+-------------------------------------------+---------------------+---------------------------+-------------------+------------+------+--------------+-------------------------------------------------------------------------------------------------------+-----------------+--------------+
; |DE1_SoC                                  ; 1023 (130)          ; 179 (0)                   ; 614400            ; 0          ; 96   ; 0            ; |DE1_SoC                                                                                              ; DE1_SoC         ; work         ;
;    |VGA_framebuffer:fb|                   ; 190 (74)            ; 29 (22)                   ; 614400            ; 0          ; 0    ; 0            ; |DE1_SoC|VGA_framebuffer:fb                                                                           ; VGA_framebuffer ; work         ;
;       |altsyncram:buffer_rtl_0|           ; 116 (0)             ; 7 (0)                     ; 614400            ; 0          ; 0    ; 0            ; |DE1_SoC|VGA_framebuffer:fb|altsyncram:buffer_rtl_0                                                   ; altsyncram      ; work         ;
;          |altsyncram_0cq1:auto_generated| ; 116 (0)             ; 7 (7)                     ; 614400            ; 0          ; 0    ; 0            ; |DE1_SoC|VGA_framebuffer:fb|altsyncram:buffer_rtl_0|altsyncram_0cq1:auto_generated                    ; altsyncram_0cq1 ; work         ;
;             |decode_5na:decode2|          ; 90 (90)             ; 0 (0)                     ; 0                 ; 0          ; 0    ; 0            ; |DE1_SoC|VGA_framebuffer:fb|altsyncram:buffer_rtl_0|altsyncram_0cq1:auto_generated|decode_5na:decode2 ; decode_5na      ; work         ;
;             |mux_ehb:mux3|                ; 26 (26)             ; 0 (0)                     ; 0                 ; 0          ; 0    ; 0            ; |DE1_SoC|VGA_framebuffer:fb|altsyncram:buffer_rtl_0|altsyncram_0cq1:auto_generated|mux_ehb:mux3       ; mux_ehb         ; work         ;
;    |animator:anim|                        ; 362 (298)           ; 65 (1)                    ; 0                 ; 0          ; 0    ; 0            ; |DE1_SoC|animator:anim                                                                                ; animator        ; work         ;
;       |counter_32b:frame_counter|         ; 32 (32)             ; 32 (32)                   ; 0                 ; 0          ; 0    ; 0            ; |DE1_SoC|animator:anim|counter_32b:frame_counter                                                      ; counter_32b     ; work         ;
;       |counter_32b:timer|                 ; 32 (32)             ; 32 (32)                   ; 0                 ; 0          ; 0    ; 0            ; |DE1_SoC|animator:anim|counter_32b:timer                                                              ; counter_32b     ; work         ;
;    |fill_space:clearer|                   ; 26 (26)             ; 19 (19)                   ; 0                 ; 0          ; 0    ; 0            ; |DE1_SoC|fill_space:clearer                                                                           ; fill_space      ; work         ;
;    |line_drawer:lines|                    ; 315 (315)           ; 66 (66)                   ; 0                 ; 0          ; 0    ; 0            ; |DE1_SoC|line_drawer:lines                                                                            ; line_drawer     ; work         ;
+-------------------------------------------+---------------------+---------------------------+-------------------+------------+------+--------------+-------------------------------------------------------------------------------------------------------+-----------------+--------------+
Note: For table entries with two numbers listed, the numbers in parentheses indicate the number of resources of the given type used by the specific entity alone. The numbers listed outside of parentheses indicate the total resources of the given type used by the specific entity and all of its sub-entities in the hierarchy.


+--------------------------------------------------------------------------------------------------------------------------------------------------------------------------------------------+
; Analysis & Synthesis RAM Summary                                                                                                                                                           ;
+--------------------------------------------------------------------------------------+------+------------------+--------------+--------------+--------------+--------------+--------+------+
; Name                                                                                 ; Type ; Mode             ; Port A Depth ; Port A Width ; Port B Depth ; Port B Width ; Size   ; MIF  ;
+--------------------------------------------------------------------------------------+------+------------------+--------------+--------------+--------------+--------------+--------+------+
; VGA_framebuffer:fb|altsyncram:buffer_rtl_0|altsyncram_0cq1:auto_generated|ALTSYNCRAM ; AUTO ; Simple Dual Port ; 614400       ; 1            ; 614400       ; 1            ; 614400 ; None ;
+--------------------------------------------------------------------------------------+------+------------------+--------------+--------------+--------------+--------------+--------+------+


+----------------------------------------------------------------------------------+
; Registers Removed During Synthesis                                               ;
+---------------------------------------+------------------------------------------+
; Register name                         ; Reason for Removal                       ;
+---------------------------------------+------------------------------------------+
; line_drawer:lines|prev_x1[9]          ; Stuck at GND due to stuck port data_in   ;
; line_drawer:lines|prev_x0[9]          ; Stuck at GND due to stuck port data_in   ;
; VGA_framebuffer:fb|front_odd          ; Lost fanout                              ;
; line_drawer:lines|prev_x1[0]          ; Merged with line_drawer:lines|prev_x0[0] ;
; line_drawer:lines|prev_y1[0]          ; Merged with line_drawer:lines|prev_y0[0] ;
; Total Number of Removed Registers = 5 ;                                          ;
+---------------------------------------+------------------------------------------+


+------------------------------------------------------+
; General Register Statistics                          ;
+----------------------------------------------+-------+
; Statistic                                    ; Value ;
+----------------------------------------------+-------+
; Total registers                              ; 179   ;
; Number of registers using Synchronous Clear  ; 104   ;
; Number of registers using Synchronous Load   ; 30    ;
; Number of registers using Asynchronous Clear ; 0     ;
; Number of registers using Asynchronous Load  ; 0     ;
; Number of registers using Clock Enable       ; 56    ;
; Number of registers using Preset             ; 0     ;
+----------------------------------------------+-------+


+---------------------------------------------------------------------+
; Registers Packed Into Inferred Megafunctions                        ;
+----------------------------+---------------------------------+------+
; Register Name              ; Megafunction                    ; Type ;
+----------------------------+---------------------------------+------+
; VGA_framebuffer:fb|rd_data ; VGA_framebuffer:fb|buffer_rtl_0 ; RAM  ;
+----------------------------+---------------------------------+------+


+------------------------------------------------------------------------------------------------------------------------------------------------------+
; Multiplexer Restructuring Statistics (Restructuring Performed)                                                                                       ;
+--------------------+-----------+---------------+----------------------+------------------------+------------+----------------------------------------+
; Multiplexer Inputs ; Bus Width ; Baseline Area ; Area if Restructured ; Saving if Restructured ; Registered ; Example Multiplexer Output             ;
+--------------------+-----------+---------------+----------------------+------------------------+------------+----------------------------------------+
; 3:1                ; 9 bits    ; 18 LEs        ; 0 LEs                ; 18 LEs                 ; Yes        ; |DE1_SoC|line_drawer:lines|px[8]       ;
; 3:1                ; 12 bits   ; 24 LEs        ; 12 LEs               ; 12 LEs                 ; Yes        ; |DE1_SoC|line_drawer:lines|p_error[10] ;
; 3:1                ; 9 bits    ; 18 LEs        ; 0 LEs                ; 18 LEs                 ; Yes        ; |DE1_SoC|line_drawer:lines|py[3]       ;
; 4:1                ; 9 bits    ; 18 LEs        ; 0 LEs                ; 18 LEs                 ; Yes        ; |DE1_SoC|fill_space:clearer|y_q[4]     ;
; 4:1                ; 10 bits   ; 20 LEs        ; 0 LEs                ; 20 LEs                 ; Yes        ; |DE1_SoC|fill_space:clearer|x_q[8]     ;
; 3:1                ; 3 bits    ; 6 LEs         ; 6 LEs                ; 0 LEs                  ; No         ; |DE1_SoC|x0_l[0]                       ;
; 3:1                ; 10 bits   ; 20 LEs        ; 20 LEs               ; 0 LEs                  ; No         ; |DE1_SoC|x1_l[1]                       ;
; 3:1                ; 19 bits   ; 38 LEs        ; 38 LEs               ; 0 LEs                  ; No         ; |DE1_SoC|y[3]                          ;
; 4:1                ; 16 bits   ; 32 LEs        ; 32 LEs               ; 0 LEs                  ; No         ; |DE1_SoC|line_drawer:lines|y_start[1]  ;
; 10:1               ; 16 bits   ; 96 LEs        ; 96 LEs               ; 0 LEs                  ; No         ; |DE1_SoC|y0_l[5]                       ;
+--------------------+-----------+---------------+----------------------+------------------------+------------+----------------------------------------+


+--------------------------------------------------------------------------------------------------+
; Source assignments for VGA_framebuffer:fb|altsyncram:buffer_rtl_0|altsyncram_0cq1:auto_generated ;
+---------------------------------+--------------------+------+------------------------------------+
; Assignment                      ; Value              ; From ; To                                 ;
+---------------------------------+--------------------+------+------------------------------------+
; OPTIMIZE_POWER_DURING_SYNTHESIS ; NORMAL_COMPILATION ; -    ; -                                  ;
+---------------------------------+--------------------+------+------------------------------------+


+------------------------------------------------------------+
; Parameter Settings for User Entity Instance: animator:anim ;
+----------------+-------+-----------------------------------+
; Parameter Name ; Value ; Type                              ;
+----------------+-------+-----------------------------------+
; frame_time     ; 50    ; Signed Integer                    ;
+----------------+-------+-----------------------------------+
Note: In order to hide this table in the UI and the text report file, please set the "Show Parameter Settings in Synthesis Report" option in "Analysis and Synthesis Settings -> More Settings" to "Off".


+-----------------------------------------------------------------+
; Parameter Settings for User Entity Instance: fill_space:clearer ;
+----------------+-------+----------------------------------------+
; Parameter Name ; Value ; Type                                   ;
+----------------+-------+----------------------------------------+
; width          ; 640   ; Signed Integer                         ;
; height         ; 480   ; Signed Integer                         ;
+----------------+-------+----------------------------------------+
Note: In order to hide this table in the UI and the text report file, please set the "Show Parameter Settings in Synthesis Report" option in "Analysis and Synthesis Settings -> More Settings" to "Off".


+---------------------------------------------------------------------------------------------+
; Parameter Settings for Inferred Entity Instance: VGA_framebuffer:fb|altsyncram:buffer_rtl_0 ;
+------------------------------------+----------------------+---------------------------------+
; Parameter Name                     ; Value                ; Type                            ;
+------------------------------------+----------------------+---------------------------------+
; BYTE_SIZE_BLOCK                    ; 8                    ; Untyped                         ;
; AUTO_CARRY_CHAINS                  ; ON                   ; AUTO_CARRY                      ;
; IGNORE_CARRY_BUFFERS               ; OFF                  ; IGNORE_CARRY                    ;
; AUTO_CASCADE_CHAINS                ; ON                   ; AUTO_CASCADE                    ;
; IGNORE_CASCADE_BUFFERS             ; OFF                  ; IGNORE_CASCADE                  ;
; WIDTH_BYTEENA                      ; 1                    ; Untyped                         ;
; OPERATION_MODE                     ; DUAL_PORT            ; Untyped                         ;
; WIDTH_A                            ; 1                    ; Untyped                         ;
; WIDTHAD_A                          ; 20                   ; Untyped                         ;
; NUMWORDS_A                         ; 614400               ; Untyped                         ;
; OUTDATA_REG_A                      ; UNREGISTERED         ; Untyped                         ;
; ADDRESS_ACLR_A                     ; NONE                 ; Untyped                         ;
; OUTDATA_ACLR_A                     ; NONE                 ; Untyped                         ;
; WRCONTROL_ACLR_A                   ; NONE                 ; Untyped                         ;
; INDATA_ACLR_A                      ; NONE                 ; Untyped                         ;
; BYTEENA_ACLR_A                     ; NONE                 ; Untyped                         ;
; WIDTH_B                            ; 1                    ; Untyped                         ;
; WIDTHAD_B                          ; 20                   ; Untyped                         ;
; NUMWORDS_B                         ; 614400               ; Untyped                         ;
; INDATA_REG_B                       ; CLOCK1               ; Untyped                         ;
; WRCONTROL_WRADDRESS_REG_B          ; CLOCK1               ; Untyped                         ;
; RDCONTROL_REG_B                    ; CLOCK0               ; Untyped                         ;
; ADDRESS_REG_B                      ; CLOCK0               ; Untyped                         ;
; OUTDATA_REG_B                      ; UNREGISTERED         ; Untyped                         ;
; BYTEENA_REG_B                      ; CLOCK1               ; Untyped                         ;
; INDATA_ACLR_B                      ; NONE                 ; Untyped                         ;
; WRCONTROL_ACLR_B                   ; NONE                 ; Untyped                         ;
; ADDRESS_ACLR_B                     ; NONE                 ; Untyped                         ;
; OUTDATA_ACLR_B                     ; NONE                 ; Untyped                         ;
; RDCONTROL_ACLR_B                   ; NONE                 ; Untyped                         ;
; BYTEENA_ACLR_B                     ; NONE                 ; Untyped                         ;
; WIDTH_BYTEENA_A                    ; 1                    ; Untyped                         ;
; WIDTH_BYTEENA_B                    ; 1                    ; Untyped                         ;
; RAM_BLOCK_TYPE                     ; AUTO                 ; Untyped                         ;
; BYTE_SIZE                          ; 8                    ; Untyped                         ;
; READ_DURING_WRITE_MODE_MIXED_PORTS ; OLD_DATA             ; Untyped                         ;
; READ_DURING_WRITE_MODE_PORT_A      ; NEW_DATA_NO_NBE_READ ; Untyped                         ;
; READ_DURING_WRITE_MODE_PORT_B      ; NEW_DATA_NO_NBE_READ ; Untyped                         ;
; INIT_FILE                          ; UNUSED               ; Untyped                         ;
; INIT_FILE_LAYOUT                   ; PORT_A               ; Untyped                         ;
; MAXIMUM_DEPTH                      ; 0                    ; Untyped                         ;
; CLOCK_ENABLE_INPUT_A               ; NORMAL               ; Untyped                         ;
; CLOCK_ENABLE_INPUT_B               ; NORMAL               ; Untyped                         ;
; CLOCK_ENABLE_OUTPUT_A              ; NORMAL               ; Untyped                         ;
; CLOCK_ENABLE_OUTPUT_B              ; NORMAL               ; Untyped                         ;
; CLOCK_ENABLE_CORE_A                ; USE_INPUT_CLKEN      ; Untyped                         ;
; CLOCK_ENABLE_CORE_B                ; USE_INPUT_CLKEN      ; Untyped                         ;
; ENABLE_ECC                         ; FALSE                ; Untyped                         ;
; ECC_PIPELINE_STAGE_ENABLED         ; FALSE                ; Untyped                         ;
; WIDTH_ECCSTATUS                    ; 3                    ; Untyped                         ;
; DEVICE_FAMILY                      ; Cyclone V            ; Untyped                         ;
; CBXI_PARAMETER                     ; altsyncram_0cq1      ; Untyped                         ;
+------------------------------------+----------------------+---------------------------------+
Note: In order to hide this table in the UI and the text report file, please set the "Show Parameter Settings in Synthesis Report" option in "Analysis and Synthesis Settings -> More Settings" to "Off".


+----------------------------------------------------------------------------------------+
; altsyncram Parameter Settings by Entity Instance                                       ;
+-------------------------------------------+--------------------------------------------+
; Name                                      ; Value                                      ;
+-------------------------------------------+--------------------------------------------+
; Number of entity instances                ; 1                                          ;
; Entity Instance                           ; VGA_framebuffer:fb|altsyncram:buffer_rtl_0 ;
;     -- OPERATION_MODE                     ; DUAL_PORT                                  ;
;     -- WIDTH_A                            ; 1                                          ;
;     -- NUMWORDS_A                         ; 614400                                     ;
;     -- OUTDATA_REG_A                      ; UNREGISTERED                               ;
;     -- WIDTH_B                            ; 1                                          ;
;     -- NUMWORDS_B                         ; 614400                                     ;
;     -- ADDRESS_REG_B                      ; CLOCK0                                     ;
;     -- OUTDATA_REG_B                      ; UNREGISTERED                               ;
;     -- RAM_BLOCK_TYPE                     ; AUTO                                       ;
;     -- READ_DURING_WRITE_MODE_MIXED_PORTS ; OLD_DATA                                   ;
+-------------------------------------------+--------------------------------------------+


+---------------------------------------------------------------------+
; Port Connectivity Checks: "animator:anim|counter_32b:frame_counter" ;
+------+-------+----------+-------------------------------------------+
; Port ; Type  ; Severity ; Details                                   ;
+------+-------+----------+-------------------------------------------+
; dec  ; Input ; Info     ; Stuck at GND                              ;
+------+-------+----------+-------------------------------------------+


+-------------------------------------------------------------+
; Port Connectivity Checks: "animator:anim|counter_32b:timer" ;
+------+-------+----------+-----------------------------------+
; Port ; Type  ; Severity ; Details                           ;
+------+-------+----------+-----------------------------------+
; inc  ; Input ; Info     ; Stuck at VCC                      ;
; dec  ; Input ; Info     ; Stuck at GND                      ;
+------+-------+----------+-----------------------------------+


+-----------------------------------------------------------------------------------------------------------------------+
; Port Connectivity Checks: "VGA_framebuffer:fb"                                                                        ;
+-------------+--------+----------+-------------------------------------------------------------------------------------+
; Port        ; Type   ; Severity ; Details                                                                             ;
+-------------+--------+----------+-------------------------------------------------------------------------------------+
; rst         ; Input  ; Info     ; Stuck at GND                                                                        ;
; pixel_write ; Input  ; Info     ; Stuck at VCC                                                                        ;
; dfb_en      ; Input  ; Info     ; Stuck at GND                                                                        ;
; frame_start ; Output ; Info     ; Connected to dangling logic. Logic that only feeds a dangling port will be removed. ;
+-------------+--------+----------+-------------------------------------------------------------------------------------+


+-----------------------------------------------------+
; Post-Synthesis Netlist Statistics for Top Partition ;
+-----------------------+-----------------------------+
; Type                  ; Count                       ;
+-----------------------+-----------------------------+
; arriav_ff             ; 179                         ;
;     ENA               ; 7                           ;
;     ENA SCLR          ; 19                          ;
;     ENA SLD           ; 30                          ;
;     SCLR              ; 85                          ;
;     plain             ; 38                          ;
; arriav_lcell_comb     ; 1025                        ;
;     arith             ; 271                         ;
;         0 data inputs ; 11                          ;
;         1 data inputs ; 156                         ;
;         2 data inputs ; 42                          ;
;         4 data inputs ; 19                          ;
;         5 data inputs ; 43                          ;
;     extend            ; 5                           ;
;         7 data inputs ; 5                           ;
;     normal            ; 716                         ;
;         0 data inputs ; 2                           ;
;         1 data inputs ; 1                           ;
;         2 data inputs ; 65                          ;
;         3 data inputs ; 83                          ;
;         4 data inputs ; 118                         ;
;         5 data inputs ; 125                         ;
;         6 data inputs ; 322                         ;
;     shared            ; 33                          ;
;         0 data inputs ; 5                           ;
;         1 data inputs ; 2                           ;
;         2 data inputs ; 25                          ;
;         3 data inputs ; 1                           ;
; boundary_port         ; 96                          ;
; stratixv_ram_block    ; 75                          ;
;                       ;                             ;
; Max LUT depth         ; 22.60                       ;
; Average LUT depth     ; 13.09                       ;
+-----------------------+-----------------------------+


+-------------------------------+
; Elapsed Time Per Partition    ;
+----------------+--------------+
; Partition Name ; Elapsed Time ;
+----------------+--------------+
; Top            ; 00:00:05     ;
+----------------+--------------+


+-------------------------------+
; Analysis & Synthesis Messages ;
+-------------------------------+
Info: *******************************************************************
Info: Running Quartus Prime Analysis & Synthesis
    Info: Version 17.0.0 Build 595 04/25/2017 SJ Lite Edition
    Info: Processing started: Thu Feb 02 23:09:58 2023
Info: Command: quartus_map --read_settings_files=on --write_settings_files=off lab3 -c lab3
Warning (18236): Number of processors has not been specified which may cause overloading on shared machines.  Set the global assignment NUM_PARALLEL_PROCESSORS in your QSF to an appropriate value for best performance.
Info (20030): Parallel compilation is enabled and will use 12 of the 12 processors detected
Info (12021): Found 1 design units, including 1 entities, in source file vga_framebuffer.sv
    Info (12023): Found entity 1: VGA_framebuffer File: C:/Users/there/OneDrive - UW/CSE 371/lab3/VGA_framebuffer.sv Line: 3
Info (12021): Found 2 design units, including 2 entities, in source file line_drawer.sv
    Info (12023): Found entity 1: line_drawer File: C:/Users/there/OneDrive - UW/CSE 371/lab3/line_drawer.sv Line: 24
    Info (12023): Found entity 2: line_drawer_testbench File: C:/Users/there/OneDrive - UW/CSE 371/lab3/line_drawer.sv Line: 148
Info (12021): Found 2 design units, including 2 entities, in source file de1_soc.sv
    Info (12023): Found entity 1: DE1_SoC File: C:/Users/there/OneDrive - UW/CSE 371/lab3/DE1_SoC.sv Line: 33
    Info (12023): Found entity 2: DE1_SoC_testbench File: C:/Users/there/OneDrive - UW/CSE 371/lab3/DE1_SoC.sv Line: 210
Info (12021): Found 2 design units, including 2 entities, in source file counter_32b.sv
    Info (12023): Found entity 1: counter_32b File: C:/Users/there/OneDrive - UW/CSE 371/lab3/counter_32b.sv Line: 20
    Info (12023): Found entity 2: counter_32b_testbench File: C:/Users/there/OneDrive - UW/CSE 371/lab3/counter_32b.sv Line: 40
Info (12021): Found 2 design units, including 2 entities, in source file animator.sv
    Info (12023): Found entity 1: animator File: C:/Users/there/OneDrive - UW/CSE 371/lab3/animator.sv Line: 23
    Info (12023): Found entity 2: animator_testbench File: C:/Users/there/OneDrive - UW/CSE 371/lab3/animator.sv Line: 105
Info (12021): Found 2 design units, including 2 entities, in source file fill_space.sv
    Info (12023): Found entity 1: fill_space File: C:/Users/there/OneDrive - UW/CSE 371/lab3/fill_space.sv Line: 21
    Info (12023): Found entity 2: fill_space_testbench File: C:/Users/there/OneDrive - UW/CSE 371/lab3/fill_space.sv Line: 67
Info (12127): Elaborating entity "DE1_SoC" for the top level hierarchy
Info (12128): Elaborating entity "VGA_framebuffer" for hierarchy "VGA_framebuffer:fb" File: C:/Users/there/OneDrive - UW/CSE 371/lab3/DE1_SoC.sv Line: 81
Info (12128): Elaborating entity "line_drawer" for hierarchy "line_drawer:lines" File: C:/Users/there/OneDrive - UW/CSE 371/lab3/DE1_SoC.sv Line: 88
Warning (10230): Verilog HDL assignment warning at line_drawer.sv(90): truncated value with size 32 to match size of target (12) File: C:/Users/there/OneDrive - UW/CSE 371/lab3/line_drawer.sv Line: 90
Warning (10230): Verilog HDL assignment warning at line_drawer.sv(93): truncated value with size 32 to match size of target (10) File: C:/Users/there/OneDrive - UW/CSE 371/lab3/line_drawer.sv Line: 93
Warning (10230): Verilog HDL assignment warning at line_drawer.sv(97): truncated value with size 10 to match size of target (9) File: C:/Users/there/OneDrive - UW/CSE 371/lab3/line_drawer.sv Line: 97
Warning (10230): Verilog HDL assignment warning at line_drawer.sv(98): truncated value with size 32 to match size of target (10) File: C:/Users/there/OneDrive - UW/CSE 371/lab3/line_drawer.sv Line: 98
Warning (10230): Verilog HDL assignment warning at line_drawer.sv(103): truncated value with size 32 to match size of target (10) File: C:/Users/there/OneDrive - UW/CSE 371/lab3/line_drawer.sv Line: 103
Warning (10230): Verilog HDL assignment warning at line_drawer.sv(115): truncated value with size 10 to match size of target (9) File: C:/Users/there/OneDrive - UW/CSE 371/lab3/line_drawer.sv Line: 115
Warning (10230): Verilog HDL assignment warning at line_drawer.sv(134): truncated value with size 10 to match size of target (9) File: C:/Users/there/OneDrive - UW/CSE 371/lab3/line_drawer.sv Line: 134
Info (12128): Elaborating entity "animator" for hierarchy "animator:anim" File: C:/Users/there/OneDrive - UW/CSE 371/lab3/DE1_SoC.sv Line: 95
Info (12128): Elaborating entity "counter_32b" for hierarchy "animator:anim|counter_32b:timer" File: C:/Users/there/OneDrive - UW/CSE 371/lab3/animator.sv Line: 39
Info (12128): Elaborating entity "fill_space" for hierarchy "fill_space:clearer" File: C:/Users/there/OneDrive - UW/CSE 371/lab3/DE1_SoC.sv Line: 100
Warning (10230): Verilog HDL assignment warning at fill_space.sv(45): truncated value with size 32 to match size of target (9) File: C:/Users/there/OneDrive - UW/CSE 371/lab3/fill_space.sv Line: 45
Warning (10230): Verilog HDL assignment warning at fill_space.sv(48): truncated value with size 32 to match size of target (10) File: C:/Users/there/OneDrive - UW/CSE 371/lab3/fill_space.sv Line: 48
Info (19000): Inferred 1 megafunctions from design logic
    Info (276029): Inferred altsyncram megafunction from the following design logic: "VGA_framebuffer:fb|buffer_rtl_0" 
        Info (286033): Parameter OPERATION_MODE set to DUAL_PORT
        Info (286033): Parameter WIDTH_A set to 1
        Info (286033): Parameter WIDTHAD_A set to 20
        Info (286033): Parameter NUMWORDS_A set to 614400
        Info (286033): Parameter WIDTH_B set to 1
        Info (286033): Parameter WIDTHAD_B set to 20
        Info (286033): Parameter NUMWORDS_B set to 614400
        Info (286033): Parameter ADDRESS_ACLR_A set to NONE
        Info (286033): Parameter OUTDATA_REG_B set to UNREGISTERED
        Info (286033): Parameter ADDRESS_ACLR_B set to NONE
        Info (286033): Parameter OUTDATA_ACLR_B set to NONE
        Info (286033): Parameter ADDRESS_REG_B set to CLOCK0
        Info (286033): Parameter INDATA_ACLR_A set to NONE
        Info (286033): Parameter WRCONTROL_ACLR_A set to NONE
        Info (286033): Parameter READ_DURING_WRITE_MODE_MIXED_PORTS set to OLD_DATA
        Info (286033): Parameter RDCONTROL_REG_B set to CLOCK0
Info (12130): Elaborated megafunction instantiation "VGA_framebuffer:fb|altsyncram:buffer_rtl_0"
Info (12133): Instantiated megafunction "VGA_framebuffer:fb|altsyncram:buffer_rtl_0" with the following parameter:
    Info (12134): Parameter "OPERATION_MODE" = "DUAL_PORT"
    Info (12134): Parameter "WIDTH_A" = "1"
    Info (12134): Parameter "WIDTHAD_A" = "20"
    Info (12134): Parameter "NUMWORDS_A" = "614400"
    Info (12134): Parameter "WIDTH_B" = "1"
    Info (12134): Parameter "WIDTHAD_B" = "20"
    Info (12134): Parameter "NUMWORDS_B" = "614400"
    Info (12134): Parameter "ADDRESS_ACLR_A" = "NONE"
    Info (12134): Parameter "OUTDATA_REG_B" = "UNREGISTERED"
    Info (12134): Parameter "ADDRESS_ACLR_B" = "NONE"
    Info (12134): Parameter "OUTDATA_ACLR_B" = "NONE"
    Info (12134): Parameter "ADDRESS_REG_B" = "CLOCK0"
    Info (12134): Parameter "INDATA_ACLR_A" = "NONE"
    Info (12134): Parameter "WRCONTROL_ACLR_A" = "NONE"
    Info (12134): Parameter "READ_DURING_WRITE_MODE_MIXED_PORTS" = "OLD_DATA"
    Info (12134): Parameter "RDCONTROL_REG_B" = "CLOCK0"
Info (12021): Found 1 design units, including 1 entities, in source file db/altsyncram_0cq1.tdf
    Info (12023): Found entity 1: altsyncram_0cq1 File: C:/Users/there/OneDrive - UW/CSE 371/lab3/db/altsyncram_0cq1.tdf Line: 32
Info (12021): Found 1 design units, including 1 entities, in source file db/decode_5na.tdf
    Info (12023): Found entity 1: decode_5na File: C:/Users/there/OneDrive - UW/CSE 371/lab3/db/decode_5na.tdf Line: 23
Info (12021): Found 1 design units, including 1 entities, in source file db/mux_ehb.tdf
    Info (12023): Found entity 1: mux_ehb File: C:/Users/there/OneDrive - UW/CSE 371/lab3/db/mux_ehb.tdf Line: 23
Warning (13024): Output pins are stuck at VCC or GND
    Warning (13410): Pin "HEX0[0]" is stuck at VCC File: C:/Users/there/OneDrive - UW/CSE 371/lab3/DE1_SoC.sv Line: 36
    Warning (13410): Pin "HEX0[1]" is stuck at VCC File: C:/Users/there/OneDrive - UW/CSE 371/lab3/DE1_SoC.sv Line: 36
    Warning (13410): Pin "HEX0[2]" is stuck at VCC File: C:/Users/there/OneDrive - UW/CSE 371/lab3/DE1_SoC.sv Line: 36
    Warning (13410): Pin "HEX0[3]" is stuck at VCC File: C:/Users/there/OneDrive - UW/CSE 371/lab3/DE1_SoC.sv Line: 36
    Warning (13410): Pin "HEX0[4]" is stuck at VCC File: C:/Users/there/OneDrive - UW/CSE 371/lab3/DE1_SoC.sv Line: 36
    Warning (13410): Pin "HEX0[5]" is stuck at VCC File: C:/Users/there/OneDrive - UW/CSE 371/lab3/DE1_SoC.sv Line: 36
    Warning (13410): Pin "HEX0[6]" is stuck at VCC File: C:/Users/there/OneDrive - UW/CSE 371/lab3/DE1_SoC.sv Line: 36
    Warning (13410): Pin "HEX1[0]" is stuck at VCC File: C:/Users/there/OneDrive - UW/CSE 371/lab3/DE1_SoC.sv Line: 36
    Warning (13410): Pin "HEX1[1]" is stuck at VCC File: C:/Users/there/OneDrive - UW/CSE 371/lab3/DE1_SoC.sv Line: 36
    Warning (13410): Pin "HEX1[2]" is stuck at VCC File: C:/Users/there/OneDrive - UW/CSE 371/lab3/DE1_SoC.sv Line: 36
    Warning (13410): Pin "HEX1[3]" is stuck at VCC File: C:/Users/there/OneDrive - UW/CSE 371/lab3/DE1_SoC.sv Line: 36
    Warning (13410): Pin "HEX1[4]" is stuck at VCC File: C:/Users/there/OneDrive - UW/CSE 371/lab3/DE1_SoC.sv Line: 36
    Warning (13410): Pin "HEX1[5]" is stuck at VCC File: C:/Users/there/OneDrive - UW/CSE 371/lab3/DE1_SoC.sv Line: 36
    Warning (13410): Pin "HEX1[6]" is stuck at VCC File: C:/Users/there/OneDrive - UW/CSE 371/lab3/DE1_SoC.sv Line: 36
    Warning (13410): Pin "HEX2[0]" is stuck at VCC File: C:/Users/there/OneDrive - UW/CSE 371/lab3/DE1_SoC.sv Line: 36
    Warning (13410): Pin "HEX2[1]" is stuck at VCC File: C:/Users/there/OneDrive - UW/CSE 371/lab3/DE1_SoC.sv Line: 36
    Warning (13410): Pin "HEX2[2]" is stuck at VCC File: C:/Users/there/OneDrive - UW/CSE 371/lab3/DE1_SoC.sv Line: 36
    Warning (13410): Pin "HEX2[3]" is stuck at VCC File: C:/Users/there/OneDrive - UW/CSE 371/lab3/DE1_SoC.sv Line: 36
    Warning (13410): Pin "HEX2[4]" is stuck at VCC File: C:/Users/there/OneDrive - UW/CSE 371/lab3/DE1_SoC.sv Line: 36
    Warning (13410): Pin "HEX2[5]" is stuck at VCC File: C:/Users/there/OneDrive - UW/CSE 371/lab3/DE1_SoC.sv Line: 36
    Warning (13410): Pin "HEX2[6]" is stuck at VCC File: C:/Users/there/OneDrive - UW/CSE 371/lab3/DE1_SoC.sv Line: 36
    Warning (13410): Pin "HEX3[0]" is stuck at VCC File: C:/Users/there/OneDrive - UW/CSE 371/lab3/DE1_SoC.sv Line: 36
    Warning (13410): Pin "HEX3[1]" is stuck at VCC File: C:/Users/there/OneDrive - UW/CSE 371/lab3/DE1_SoC.sv Line: 36
    Warning (13410): Pin "HEX3[2]" is stuck at VCC File: C:/Users/there/OneDrive - UW/CSE 371/lab3/DE1_SoC.sv Line: 36
    Warning (13410): Pin "HEX3[3]" is stuck at VCC File: C:/Users/there/OneDrive - UW/CSE 371/lab3/DE1_SoC.sv Line: 36
    Warning (13410): Pin "HEX3[4]" is stuck at VCC File: C:/Users/there/OneDrive - UW/CSE 371/lab3/DE1_SoC.sv Line: 36
    Warning (13410): Pin "HEX3[5]" is stuck at VCC File: C:/Users/there/OneDrive - UW/CSE 371/lab3/DE1_SoC.sv Line: 36
    Warning (13410): Pin "HEX3[6]" is stuck at VCC File: C:/Users/there/OneDrive - UW/CSE 371/lab3/DE1_SoC.sv Line: 36
    Warning (13410): Pin "HEX4[0]" is stuck at VCC File: C:/Users/there/OneDrive - UW/CSE 371/lab3/DE1_SoC.sv Line: 36
    Warning (13410): Pin "HEX4[1]" is stuck at VCC File: C:/Users/there/OneDrive - UW/CSE 371/lab3/DE1_SoC.sv Line: 36
    Warning (13410): Pin "HEX4[2]" is stuck at VCC File: C:/Users/there/OneDrive - UW/CSE 371/lab3/DE1_SoC.sv Line: 36
    Warning (13410): Pin "HEX4[3]" is stuck at VCC File: C:/Users/there/OneDrive - UW/CSE 371/lab3/DE1_SoC.sv Line: 36
    Warning (13410): Pin "HEX4[4]" is stuck at VCC File: C:/Users/there/OneDrive - UW/CSE 371/lab3/DE1_SoC.sv Line: 36
    Warning (13410): Pin "HEX4[5]" is stuck at VCC File: C:/Users/there/OneDrive - UW/CSE 371/lab3/DE1_SoC.sv Line: 36
    Warning (13410): Pin "HEX4[6]" is stuck at VCC File: C:/Users/there/OneDrive - UW/CSE 371/lab3/DE1_SoC.sv Line: 36
    Warning (13410): Pin "HEX5[0]" is stuck at VCC File: C:/Users/there/OneDrive - UW/CSE 371/lab3/DE1_SoC.sv Line: 36
    Warning (13410): Pin "HEX5[1]" is stuck at VCC File: C:/Users/there/OneDrive - UW/CSE 371/lab3/DE1_SoC.sv Line: 36
    Warning (13410): Pin "HEX5[2]" is stuck at VCC File: C:/Users/there/OneDrive - UW/CSE 371/lab3/DE1_SoC.sv Line: 36
    Warning (13410): Pin "HEX5[3]" is stuck at VCC File: C:/Users/there/OneDrive - UW/CSE 371/lab3/DE1_SoC.sv Line: 36
    Warning (13410): Pin "HEX5[4]" is stuck at VCC File: C:/Users/there/OneDrive - UW/CSE 371/lab3/DE1_SoC.sv Line: 36
    Warning (13410): Pin "HEX5[5]" is stuck at VCC File: C:/Users/there/OneDrive - UW/CSE 371/lab3/DE1_SoC.sv Line: 36
    Warning (13410): Pin "HEX5[6]" is stuck at VCC File: C:/Users/there/OneDrive - UW/CSE 371/lab3/DE1_SoC.sv Line: 36
    Warning (13410): Pin "VGA_SYNC_N" is stuck at VCC File: C:/Users/there/OneDrive - UW/CSE 371/lab3/DE1_SoC.sv Line: 48
Info (286030): Timing-Driven Synthesis is running
Info (17049): 1 registers lost all their fanouts during netlist optimizations.
Info (16010): Generating hard_block partition "hard_block:auto_generated_inst"
    Info (16011): Adding 0 node(s), including 0 DDIO, 0 PLL, 0 transceiver and 0 LCELL
Warning (21074): Design contains 4 input pin(s) that do not drive logic
    Warning (15610): No output dependent on input pin "KEY[0]" File: C:/Users/there/OneDrive - UW/CSE 371/lab3/DE1_SoC.sv Line: 38
    Warning (15610): No output dependent on input pin "KEY[1]" File: C:/Users/there/OneDrive - UW/CSE 371/lab3/DE1_SoC.sv Line: 38
    Warning (15610): No output dependent on input pin "KEY[2]" File: C:/Users/there/OneDrive - UW/CSE 371/lab3/DE1_SoC.sv Line: 38
    Warning (15610): No output dependent on input pin "KEY[3]" File: C:/Users/there/OneDrive - UW/CSE 371/lab3/DE1_SoC.sv Line: 38
Info (21057): Implemented 1227 device resources after synthesis - the final resource count might be different
    Info (21058): Implemented 15 input pins
    Info (21059): Implemented 81 output pins
    Info (21061): Implemented 1056 logic cells
    Info (21064): Implemented 75 RAM segments
Info: Quartus Prime Analysis & Synthesis was successful. 0 errors, 59 warnings
    Info: Peak virtual memory: 4897 megabytes
    Info: Processing ended: Thu Feb 02 23:10:14 2023
    Info: Elapsed time: 00:00:16
    Info: Total CPU time (on all processors): 00:00:32


