Analysis & Synthesis report for lab1
Fri Jan 13 13:37:19 2023
Quartus Prime Version 17.0.0 Build 595 04/25/2017 SJ Lite Edition


---------------------
; Table of Contents ;
---------------------
  1. Legal Notice
  2. Analysis & Synthesis Summary
  3. Analysis & Synthesis Settings
  4. Parallel Compilation
  5. Analysis & Synthesis Source Files Read
  6. Analysis & Synthesis Resource Usage Summary
  7. Analysis & Synthesis Resource Utilization by Entity
  8. General Register Statistics
  9. Multiplexer Restructuring Statistics (Restructuring Performed)
 10. Parameter Settings for User Entity Instance: Top-level Entity: |parking_lot
 11. Parameter Settings for Inferred Entity Instance: double_seg7:count_display|lpm_divide:Mod0
 12. Port Connectivity Checks: "double_seg7:count_display"
 13. Post-Synthesis Netlist Statistics for Top Partition
 14. Elapsed Time Per Partition
 15. Analysis & Synthesis Messages
 16. Analysis & Synthesis Suppressed Messages



----------------
; Legal Notice ;
----------------
Copyright (C) 2017  Intel Corporation. All rights reserved.
Your use of Intel Corporation's design tools, logic functions 
and other software and tools, and its AMPP partner logic 
functions, and any output files from any of the foregoing 
(including device programming or simulation files), and any 
associated documentation or information are expressly subject 
to the terms and conditions of the Intel Program License 
Subscription Agreement, the Intel Quartus Prime License Agreement,
the Intel MegaCore Function License Agreement, or other 
applicable license agreement, including, without limitation, 
that your use is for the sole purpose of programming logic 
devices manufactured by Intel and sold by Intel or its 
authorized distributors.  Please refer to the applicable 
agreement for further details.



+-------------------------------------------------------------------------------+
; Analysis & Synthesis Summary                                                  ;
+---------------------------------+---------------------------------------------+
; Analysis & Synthesis Status     ; Successful - Fri Jan 13 13:37:19 2023       ;
; Quartus Prime Version           ; 17.0.0 Build 595 04/25/2017 SJ Lite Edition ;
; Revision Name                   ; lab1                                        ;
; Top-level Entity Name           ; parking_lot                                 ;
; Family                          ; Cyclone V                                   ;
; Logic utilization (in ALMs)     ; N/A                                         ;
; Total registers                 ; 7                                           ;
; Total pins                      ; 77                                          ;
; Total virtual pins              ; 0                                           ;
; Total block memory bits         ; 0                                           ;
; Total DSP Blocks                ; 0                                           ;
; Total HSSI RX PCSs              ; 0                                           ;
; Total HSSI PMA RX Deserializers ; 0                                           ;
; Total HSSI TX PCSs              ; 0                                           ;
; Total HSSI PMA TX Serializers   ; 0                                           ;
; Total PLLs                      ; 0                                           ;
; Total DLLs                      ; 0                                           ;
+---------------------------------+---------------------------------------------+


+---------------------------------------------------------------------------------------------------------------------------+
; Analysis & Synthesis Settings                                                                                             ;
+---------------------------------------------------------------------------------+--------------------+--------------------+
; Option                                                                          ; Setting            ; Default Value      ;
+---------------------------------------------------------------------------------+--------------------+--------------------+
; Device                                                                          ; 5CSEMA5F31C6       ;                    ;
; Top-level entity name                                                           ; parking_lot        ; lab1               ;
; Family name                                                                     ; Cyclone V          ; Cyclone V          ;
; State Machine Processing                                                        ; User-Encoded       ; Auto               ;
; Use smart compilation                                                           ; Off                ; Off                ;
; Enable parallel Assembler and TimeQuest Timing Analyzer during compilation      ; On                 ; On                 ;
; Enable compact report table                                                     ; Off                ; Off                ;
; Restructure Multiplexers                                                        ; Auto               ; Auto               ;
; MLAB Add Timing Constraints For Mixed-Port Feed-Through Mode Setting Don't Care ; Off                ; Off                ;
; Create Debugging Nodes for IP Cores                                             ; Off                ; Off                ;
; Preserve fewer node names                                                       ; On                 ; On                 ;
; OpenCore Plus hardware evaluation                                               ; Enable             ; Enable             ;
; Verilog Version                                                                 ; Verilog_2001       ; Verilog_2001       ;
; VHDL Version                                                                    ; VHDL_1993          ; VHDL_1993          ;
; Safe State Machine                                                              ; Off                ; Off                ;
; Extract Verilog State Machines                                                  ; On                 ; On                 ;
; Extract VHDL State Machines                                                     ; On                 ; On                 ;
; Ignore Verilog initial constructs                                               ; Off                ; Off                ;
; Iteration limit for constant Verilog loops                                      ; 5000               ; 5000               ;
; Iteration limit for non-constant Verilog loops                                  ; 250                ; 250                ;
; Add Pass-Through Logic to Inferred RAMs                                         ; On                 ; On                 ;
; Infer RAMs from Raw Logic                                                       ; On                 ; On                 ;
; Parallel Synthesis                                                              ; On                 ; On                 ;
; DSP Block Balancing                                                             ; Auto               ; Auto               ;
; NOT Gate Push-Back                                                              ; On                 ; On                 ;
; Power-Up Don't Care                                                             ; On                 ; On                 ;
; Remove Redundant Logic Cells                                                    ; Off                ; Off                ;
; Remove Duplicate Registers                                                      ; On                 ; On                 ;
; Ignore CARRY Buffers                                                            ; Off                ; Off                ;
; Ignore CASCADE Buffers                                                          ; Off                ; Off                ;
; Ignore GLOBAL Buffers                                                           ; Off                ; Off                ;
; Ignore ROW GLOBAL Buffers                                                       ; Off                ; Off                ;
; Ignore LCELL Buffers                                                            ; Off                ; Off                ;
; Ignore SOFT Buffers                                                             ; On                 ; On                 ;
; Limit AHDL Integers to 32 Bits                                                  ; Off                ; Off                ;
; Optimization Technique                                                          ; Balanced           ; Balanced           ;
; Carry Chain Length                                                              ; 70                 ; 70                 ;
; Auto Carry Chains                                                               ; On                 ; On                 ;
; Auto Open-Drain Pins                                                            ; On                 ; On                 ;
; Perform WYSIWYG Primitive Resynthesis                                           ; Off                ; Off                ;
; Auto ROM Replacement                                                            ; On                 ; On                 ;
; Auto RAM Replacement                                                            ; On                 ; On                 ;
; Auto DSP Block Replacement                                                      ; On                 ; On                 ;
; Auto Shift Register Replacement                                                 ; Auto               ; Auto               ;
; Allow Shift Register Merging across Hierarchies                                 ; Auto               ; Auto               ;
; Auto Clock Enable Replacement                                                   ; On                 ; On                 ;
; Strict RAM Replacement                                                          ; Off                ; Off                ;
; Allow Synchronous Control Signals                                               ; On                 ; On                 ;
; Force Use of Synchronous Clear Signals                                          ; Off                ; Off                ;
; Auto Resource Sharing                                                           ; Off                ; Off                ;
; Allow Any RAM Size For Recognition                                              ; Off                ; Off                ;
; Allow Any ROM Size For Recognition                                              ; Off                ; Off                ;
; Allow Any Shift Register Size For Recognition                                   ; Off                ; Off                ;
; Use LogicLock Constraints during Resource Balancing                             ; On                 ; On                 ;
; Ignore translate_off and synthesis_off directives                               ; Off                ; Off                ;
; Timing-Driven Synthesis                                                         ; On                 ; On                 ;
; Report Parameter Settings                                                       ; On                 ; On                 ;
; Report Source Assignments                                                       ; On                 ; On                 ;
; Report Connectivity Checks                                                      ; On                 ; On                 ;
; Ignore Maximum Fan-Out Assignments                                              ; Off                ; Off                ;
; Synchronization Register Chain Length                                           ; 3                  ; 3                  ;
; PowerPlay Power Optimization During Synthesis                                   ; Normal compilation ; Normal compilation ;
; HDL message level                                                               ; Level2             ; Level2             ;
; Suppress Register Optimization Related Messages                                 ; Off                ; Off                ;
; Number of Removed Registers Reported in Synthesis Report                        ; 5000               ; 5000               ;
; Number of Swept Nodes Reported in Synthesis Report                              ; 5000               ; 5000               ;
; Number of Inverted Registers Reported in Synthesis Report                       ; 100                ; 100                ;
; Clock MUX Protection                                                            ; On                 ; On                 ;
; Auto Gated Clock Conversion                                                     ; Off                ; Off                ;
; Block Design Naming                                                             ; Auto               ; Auto               ;
; SDC constraint protection                                                       ; Off                ; Off                ;
; Synthesis Effort                                                                ; Auto               ; Auto               ;
; Shift Register Replacement - Allow Asynchronous Clear Signal                    ; On                 ; On                 ;
; Pre-Mapping Resynthesis Optimization                                            ; Off                ; Off                ;
; Analysis & Synthesis Message Level                                              ; Medium             ; Medium             ;
; Disable Register Merging Across Hierarchies                                     ; Auto               ; Auto               ;
; Resource Aware Inference For Block RAM                                          ; On                 ; On                 ;
; Automatic Parallel Synthesis                                                    ; On                 ; On                 ;
; Partial Reconfiguration Bitstream ID                                            ; Off                ; Off                ;
+---------------------------------------------------------------------------------+--------------------+--------------------+


+------------------------------------------+
; Parallel Compilation                     ;
+----------------------------+-------------+
; Processors                 ; Number      ;
+----------------------------+-------------+
; Number detected on machine ; 12          ;
; Maximum allowed            ; 12          ;
;                            ;             ;
; Average used               ; 1.00        ;
; Maximum used               ; 12          ;
;                            ;             ;
; Usage by Processor         ; % Time Used ;
;     Processor 1            ; 100.0%      ;
;     Processors 2-12        ;   0.0%      ;
+----------------------------+-------------+


+--------------------------------------------------------------------------------------------------------------------------------------------------------------------------+
; Analysis & Synthesis Source Files Read                                                                                                                                   ;
+----------------------------------+-----------------+------------------------------+----------------------------------------------------------------------------+---------+
; File Name with User-Entered Path ; Used in Netlist ; File Type                    ; File Name with Absolute Path                                               ; Library ;
+----------------------------------+-----------------+------------------------------+----------------------------------------------------------------------------+---------+
; sensor.sv                        ; yes             ; User SystemVerilog HDL File  ; C:/Users/there/OneDrive - UW/CSE 371/lab1/sensor.sv                        ;         ;
; fiveb_counter.sv                 ; yes             ; User SystemVerilog HDL File  ; C:/Users/there/OneDrive - UW/CSE 371/lab1/fiveb_counter.sv                 ;         ;
; double_seg7.sv                   ; yes             ; User SystemVerilog HDL File  ; C:/Users/there/OneDrive - UW/CSE 371/lab1/double_seg7.sv                   ;         ;
; parking_lot.sv                   ; yes             ; User SystemVerilog HDL File  ; C:/Users/there/OneDrive - UW/CSE 371/lab1/parking_lot.sv                   ;         ;
; lpm_divide.tdf                   ; yes             ; Megafunction                 ; c:/intelfpga_lite/17.0/quartus/libraries/megafunctions/lpm_divide.tdf      ;         ;
; abs_divider.inc                  ; yes             ; Megafunction                 ; c:/intelfpga_lite/17.0/quartus/libraries/megafunctions/abs_divider.inc     ;         ;
; sign_div_unsign.inc              ; yes             ; Megafunction                 ; c:/intelfpga_lite/17.0/quartus/libraries/megafunctions/sign_div_unsign.inc ;         ;
; aglobal170.inc                   ; yes             ; Megafunction                 ; c:/intelfpga_lite/17.0/quartus/libraries/megafunctions/aglobal170.inc      ;         ;
; db/lpm_divide_72m.tdf            ; yes             ; Auto-Generated Megafunction  ; C:/Users/there/OneDrive - UW/CSE 371/lab1/db/lpm_divide_72m.tdf            ;         ;
; db/sign_div_unsign_akh.tdf       ; yes             ; Auto-Generated Megafunction  ; C:/Users/there/OneDrive - UW/CSE 371/lab1/db/sign_div_unsign_akh.tdf       ;         ;
; db/alt_u_div_qse.tdf             ; yes             ; Auto-Generated Megafunction  ; C:/Users/there/OneDrive - UW/CSE 371/lab1/db/alt_u_div_qse.tdf             ;         ;
+----------------------------------+-----------------+------------------------------+----------------------------------------------------------------------------+---------+


+------------------------------------------------------------------------------+
; Analysis & Synthesis Resource Usage Summary                                  ;
+---------------------------------------------+--------------------------------+
; Resource                                    ; Usage                          ;
+---------------------------------------------+--------------------------------+
; Estimate of Logic utilization (ALMs needed) ; 34                             ;
;                                             ;                                ;
; Combinational ALUT usage for logic          ; 65                             ;
;     -- 7 input functions                    ; 0                              ;
;     -- 6 input functions                    ; 2                              ;
;     -- 5 input functions                    ; 9                              ;
;     -- 4 input functions                    ; 13                             ;
;     -- <=3 input functions                  ; 41                             ;
;                                             ;                                ;
; Dedicated logic registers                   ; 7                              ;
;                                             ;                                ;
; I/O pins                                    ; 77                             ;
;                                             ;                                ;
; Total DSP Blocks                            ; 0                              ;
;                                             ;                                ;
; Maximum fan-out node                        ; fiveb_counter:counter|count[2] ;
; Maximum fan-out                             ; 13                             ;
; Total fan-out                               ; 374                            ;
; Average fan-out                             ; 1.44                           ;
+---------------------------------------------+--------------------------------+


+----------------------------------------------------------------------------------------------------------------------------------------------------------------------------------------------------------------------------------------------------------------------------------------------------------------------------------+
; Analysis & Synthesis Resource Utilization by Entity                                                                                                                                                                                                                                                                              ;
+-------------------------------------------+---------------------+---------------------------+-------------------+------------+------+--------------+----------------------------------------------------------------------------------------------------------------------------------------+---------------------+--------------+
; Compilation Hierarchy Node                ; Combinational ALUTs ; Dedicated Logic Registers ; Block Memory Bits ; DSP Blocks ; Pins ; Virtual Pins ; Full Hierarchy Name                                                                                                                    ; Entity Name         ; Library Name ;
+-------------------------------------------+---------------------+---------------------------+-------------------+------------+------+--------------+----------------------------------------------------------------------------------------------------------------------------------------+---------------------+--------------+
; |parking_lot                              ; 65 (7)              ; 7 (0)                     ; 0                 ; 0          ; 77   ; 0            ; |parking_lot                                                                                                                           ; parking_lot         ; work         ;
;    |double_seg7:count_display|            ; 48 (10)             ; 0 (0)                     ; 0                 ; 0          ; 0    ; 0            ; |parking_lot|double_seg7:count_display                                                                                                 ; double_seg7         ; work         ;
;       |lpm_divide:Mod0|                   ; 38 (0)              ; 0 (0)                     ; 0                 ; 0          ; 0    ; 0            ; |parking_lot|double_seg7:count_display|lpm_divide:Mod0                                                                                 ; lpm_divide          ; work         ;
;          |lpm_divide_72m:auto_generated|  ; 38 (0)              ; 0 (0)                     ; 0                 ; 0          ; 0    ; 0            ; |parking_lot|double_seg7:count_display|lpm_divide:Mod0|lpm_divide_72m:auto_generated                                                   ; lpm_divide_72m      ; work         ;
;             |sign_div_unsign_akh:divider| ; 38 (0)              ; 0 (0)                     ; 0                 ; 0          ; 0    ; 0            ; |parking_lot|double_seg7:count_display|lpm_divide:Mod0|lpm_divide_72m:auto_generated|sign_div_unsign_akh:divider                       ; sign_div_unsign_akh ; work         ;
;                |alt_u_div_qse:divider|    ; 38 (38)             ; 0 (0)                     ; 0                 ; 0          ; 0    ; 0            ; |parking_lot|double_seg7:count_display|lpm_divide:Mod0|lpm_divide_72m:auto_generated|sign_div_unsign_akh:divider|alt_u_div_qse:divider ; alt_u_div_qse       ; work         ;
;    |fiveb_counter:counter|                ; 8 (8)               ; 5 (5)                     ; 0                 ; 0          ; 0    ; 0            ; |parking_lot|fiveb_counter:counter                                                                                                     ; fiveb_counter       ; work         ;
;    |sensor:s|                             ; 2 (2)               ; 2 (2)                     ; 0                 ; 0          ; 0    ; 0            ; |parking_lot|sensor:s                                                                                                                  ; sensor              ; work         ;
+-------------------------------------------+---------------------+---------------------------+-------------------+------------+------+--------------+----------------------------------------------------------------------------------------------------------------------------------------+---------------------+--------------+
Note: For table entries with two numbers listed, the numbers in parentheses indicate the number of resources of the given type used by the specific entity alone. The numbers listed outside of parentheses indicate the total resources of the given type used by the specific entity and all of its sub-entities in the hierarchy.


+------------------------------------------------------+
; General Register Statistics                          ;
+----------------------------------------------+-------+
; Statistic                                    ; Value ;
+----------------------------------------------+-------+
; Total registers                              ; 7     ;
; Number of registers using Synchronous Clear  ; 0     ;
; Number of registers using Synchronous Load   ; 0     ;
; Number of registers using Asynchronous Clear ; 0     ;
; Number of registers using Asynchronous Load  ; 0     ;
; Number of registers using Clock Enable       ; 5     ;
; Number of registers using Preset             ; 0     ;
+----------------------------------------------+-------+


+-----------------------------------------------------------------------------------------------------------------------------------------------------------+
; Multiplexer Restructuring Statistics (Restructuring Performed)                                                                                            ;
+--------------------+-----------+---------------+----------------------+------------------------+------------+---------------------------------------------+
; Multiplexer Inputs ; Bus Width ; Baseline Area ; Area if Restructured ; Saving if Restructured ; Registered ; Example Multiplexer Output                  ;
+--------------------+-----------+---------------+----------------------+------------------------+------------+---------------------------------------------+
; 3:1                ; 5 bits    ; 10 LEs        ; 5 LEs                ; 5 LEs                  ; Yes        ; |parking_lot|fiveb_counter:counter|count[4] ;
+--------------------+-----------+---------------+----------------------+------------------------+------------+---------------------------------------------+


+-----------------------------------------------------------------------------+
; Parameter Settings for User Entity Instance: Top-level Entity: |parking_lot ;
+----------------+-------+----------------------------------------------------+
; Parameter Name ; Value ; Type                                               ;
+----------------+-------+----------------------------------------------------+
; capacity       ; 5     ; Signed Integer                                     ;
+----------------+-------+----------------------------------------------------+
Note: In order to hide this table in the UI and the text report file, please set the "Show Parameter Settings in Synthesis Report" option in "Analysis and Synthesis Settings -> More Settings" to "Off".


+--------------------------------------------------------------------------------------------+
; Parameter Settings for Inferred Entity Instance: double_seg7:count_display|lpm_divide:Mod0 ;
+------------------------+----------------+--------------------------------------------------+
; Parameter Name         ; Value          ; Type                                             ;
+------------------------+----------------+--------------------------------------------------+
; LPM_WIDTHN             ; 7              ; Untyped                                          ;
; LPM_WIDTHD             ; 4              ; Untyped                                          ;
; LPM_NREPRESENTATION    ; UNSIGNED       ; Untyped                                          ;
; LPM_DREPRESENTATION    ; UNSIGNED       ; Untyped                                          ;
; LPM_PIPELINE           ; 0              ; Untyped                                          ;
; LPM_REMAINDERPOSITIVE  ; TRUE           ; Untyped                                          ;
; MAXIMIZE_SPEED         ; 5              ; Untyped                                          ;
; CBXI_PARAMETER         ; lpm_divide_72m ; Untyped                                          ;
; CARRY_CHAIN            ; MANUAL         ; Untyped                                          ;
; OPTIMIZE_FOR_SPEED     ; 5              ; Untyped                                          ;
; AUTO_CARRY_CHAINS      ; ON             ; AUTO_CARRY                                       ;
; IGNORE_CARRY_BUFFERS   ; OFF            ; IGNORE_CARRY                                     ;
; AUTO_CASCADE_CHAINS    ; ON             ; AUTO_CASCADE                                     ;
; IGNORE_CASCADE_BUFFERS ; OFF            ; IGNORE_CASCADE                                   ;
+------------------------+----------------+--------------------------------------------------+
Note: In order to hide this table in the UI and the text report file, please set the "Show Parameter Settings in Synthesis Report" option in "Analysis and Synthesis Settings -> More Settings" to "Off".


+-------------------------------------------------------+
; Port Connectivity Checks: "double_seg7:count_display" ;
+-----------+-------+----------+------------------------+
; Port      ; Type  ; Severity ; Details                ;
+-----------+-------+----------+------------------------+
; num[6..5] ; Input ; Info     ; Stuck at GND           ;
+-----------+-------+----------+------------------------+


+-----------------------------------------------------+
; Post-Synthesis Netlist Statistics for Top Partition ;
+-----------------------+-----------------------------+
; Type                  ; Count                       ;
+-----------------------+-----------------------------+
; arriav_ff             ; 7                           ;
;     ENA               ; 5                           ;
;     plain             ; 2                           ;
; arriav_io_obuf        ; 34                          ;
; arriav_lcell_comb     ; 72                          ;
;     arith             ; 21                          ;
;         0 data inputs ; 6                           ;
;         1 data inputs ; 3                           ;
;         2 data inputs ; 3                           ;
;         3 data inputs ; 7                           ;
;         4 data inputs ; 2                           ;
;     normal            ; 46                          ;
;         0 data inputs ; 1                           ;
;         1 data inputs ; 6                           ;
;         2 data inputs ; 8                           ;
;         3 data inputs ; 9                           ;
;         4 data inputs ; 11                          ;
;         5 data inputs ; 9                           ;
;         6 data inputs ; 2                           ;
;     shared            ; 5                           ;
;         0 data inputs ; 3                           ;
;         1 data inputs ; 2                           ;
; boundary_port         ; 77                          ;
;                       ;                             ;
; Max LUT depth         ; 9.50                        ;
; Average LUT depth     ; 4.84                        ;
+-----------------------+-----------------------------+


+-------------------------------+
; Elapsed Time Per Partition    ;
+----------------+--------------+
; Partition Name ; Elapsed Time ;
+----------------+--------------+
; Top            ; 00:00:00     ;
+----------------+--------------+


+-------------------------------+
; Analysis & Synthesis Messages ;
+-------------------------------+
Info: *******************************************************************
Info: Running Quartus Prime Analysis & Synthesis
    Info: Version 17.0.0 Build 595 04/25/2017 SJ Lite Edition
    Info: Processing started: Fri Jan 13 13:37:07 2023
Info: Command: quartus_map --read_settings_files=on --write_settings_files=off lab1 -c lab1
Warning (18236): Number of processors has not been specified which may cause overloading on shared machines.  Set the global assignment NUM_PARALLEL_PROCESSORS in your QSF to an appropriate value for best performance.
Info (20030): Parallel compilation is enabled and will use 12 of the 12 processors detected
Info (12021): Found 2 design units, including 2 entities, in source file sensor.sv
    Info (12023): Found entity 1: sensor File: C:/Users/there/OneDrive - UW/CSE 371/lab1/sensor.sv Line: 1
    Info (12023): Found entity 2: sensor_testbench File: C:/Users/there/OneDrive - UW/CSE 371/lab1/sensor.sv Line: 42
Info (12021): Found 2 design units, including 2 entities, in source file fiveb_counter.sv
    Info (12023): Found entity 1: fiveb_counter File: C:/Users/there/OneDrive - UW/CSE 371/lab1/fiveb_counter.sv Line: 1
    Info (12023): Found entity 2: fiveb_counter_testbench File: C:/Users/there/OneDrive - UW/CSE 371/lab1/fiveb_counter.sv Line: 19
Info (12021): Found 2 design units, including 2 entities, in source file double_seg7.sv
    Info (12023): Found entity 1: double_seg7 File: C:/Users/there/OneDrive - UW/CSE 371/lab1/double_seg7.sv Line: 1
    Info (12023): Found entity 2: double_seg7_testbench File: C:/Users/there/OneDrive - UW/CSE 371/lab1/double_seg7.sv Line: 41
Info (12021): Found 2 design units, including 2 entities, in source file parking_lot.sv
    Info (12023): Found entity 1: parking_lot File: C:/Users/there/OneDrive - UW/CSE 371/lab1/parking_lot.sv Line: 1
    Info (12023): Found entity 2: parking_lot_testbench File: C:/Users/there/OneDrive - UW/CSE 371/lab1/parking_lot.sv Line: 54
Info (12127): Elaborating entity "parking_lot" for the top level hierarchy
Warning (10665): Bidirectional port "GPIO_0[6]" at parking_lot.sv(8) has a one-way connection to bidirectional port "GPIO_0[27]" File: C:/Users/there/OneDrive - UW/CSE 371/lab1/parking_lot.sv Line: 8
Warning (10665): Bidirectional port "GPIO_0[5]" at parking_lot.sv(8) has a one-way connection to bidirectional port "GPIO_0[26]" File: C:/Users/there/OneDrive - UW/CSE 371/lab1/parking_lot.sv Line: 8
Info (12128): Elaborating entity "sensor" for hierarchy "sensor:s" File: C:/Users/there/OneDrive - UW/CSE 371/lab1/parking_lot.sv Line: 14
Info (12128): Elaborating entity "fiveb_counter" for hierarchy "fiveb_counter:counter" File: C:/Users/there/OneDrive - UW/CSE 371/lab1/parking_lot.sv Line: 24
Info (12128): Elaborating entity "double_seg7" for hierarchy "double_seg7:count_display" File: C:/Users/there/OneDrive - UW/CSE 371/lab1/parking_lot.sv Line: 26
Info (278001): Inferred 1 megafunctions from design logic
    Info (278004): Inferred divider/modulo megafunction ("lpm_divide") from the following logic: "double_seg7:count_display|Mod0" File: C:/Users/there/OneDrive - UW/CSE 371/lab1/double_seg7.sv Line: 7
Info (12130): Elaborated megafunction instantiation "double_seg7:count_display|lpm_divide:Mod0" File: C:/Users/there/OneDrive - UW/CSE 371/lab1/double_seg7.sv Line: 7
Info (12133): Instantiated megafunction "double_seg7:count_display|lpm_divide:Mod0" with the following parameter: File: C:/Users/there/OneDrive - UW/CSE 371/lab1/double_seg7.sv Line: 7
    Info (12134): Parameter "LPM_WIDTHN" = "7"
    Info (12134): Parameter "LPM_WIDTHD" = "4"
    Info (12134): Parameter "LPM_NREPRESENTATION" = "UNSIGNED"
    Info (12134): Parameter "LPM_DREPRESENTATION" = "UNSIGNED"
Info (12021): Found 1 design units, including 1 entities, in source file db/lpm_divide_72m.tdf
    Info (12023): Found entity 1: lpm_divide_72m File: C:/Users/there/OneDrive - UW/CSE 371/lab1/db/lpm_divide_72m.tdf Line: 25
Info (12021): Found 1 design units, including 1 entities, in source file db/sign_div_unsign_akh.tdf
    Info (12023): Found entity 1: sign_div_unsign_akh File: C:/Users/there/OneDrive - UW/CSE 371/lab1/db/sign_div_unsign_akh.tdf Line: 25
Info (12021): Found 1 design units, including 1 entities, in source file db/alt_u_div_qse.tdf
    Info (12023): Found entity 1: alt_u_div_qse File: C:/Users/there/OneDrive - UW/CSE 371/lab1/db/alt_u_div_qse.tdf Line: 23
Warning (13039): The following bidirectional pins have no drivers
    Warning (13040): bidirectional pin "GPIO_0[5]" has no driver File: C:/Users/there/OneDrive - UW/CSE 371/lab1/parking_lot.sv Line: 8
    Warning (13040): bidirectional pin "GPIO_0[6]" has no driver File: C:/Users/there/OneDrive - UW/CSE 371/lab1/parking_lot.sv Line: 8
    Warning (13040): bidirectional pin "GPIO_0[7]" has no driver File: C:/Users/there/OneDrive - UW/CSE 371/lab1/parking_lot.sv Line: 8
    Warning (13040): bidirectional pin "GPIO_0[0]" has no driver File: C:/Users/there/OneDrive - UW/CSE 371/lab1/parking_lot.sv Line: 8
    Warning (13040): bidirectional pin "GPIO_0[1]" has no driver File: C:/Users/there/OneDrive - UW/CSE 371/lab1/parking_lot.sv Line: 8
    Warning (13040): bidirectional pin "GPIO_0[2]" has no driver File: C:/Users/there/OneDrive - UW/CSE 371/lab1/parking_lot.sv Line: 8
    Warning (13040): bidirectional pin "GPIO_0[3]" has no driver File: C:/Users/there/OneDrive - UW/CSE 371/lab1/parking_lot.sv Line: 8
    Warning (13040): bidirectional pin "GPIO_0[4]" has no driver File: C:/Users/there/OneDrive - UW/CSE 371/lab1/parking_lot.sv Line: 8
    Warning (13040): bidirectional pin "GPIO_0[8]" has no driver File: C:/Users/there/OneDrive - UW/CSE 371/lab1/parking_lot.sv Line: 8
    Warning (13040): bidirectional pin "GPIO_0[9]" has no driver File: C:/Users/there/OneDrive - UW/CSE 371/lab1/parking_lot.sv Line: 8
    Warning (13040): bidirectional pin "GPIO_0[10]" has no driver File: C:/Users/there/OneDrive - UW/CSE 371/lab1/parking_lot.sv Line: 8
    Warning (13040): bidirectional pin "GPIO_0[11]" has no driver File: C:/Users/there/OneDrive - UW/CSE 371/lab1/parking_lot.sv Line: 8
    Warning (13040): bidirectional pin "GPIO_0[12]" has no driver File: C:/Users/there/OneDrive - UW/CSE 371/lab1/parking_lot.sv Line: 8
    Warning (13040): bidirectional pin "GPIO_0[13]" has no driver File: C:/Users/there/OneDrive - UW/CSE 371/lab1/parking_lot.sv Line: 8
    Warning (13040): bidirectional pin "GPIO_0[14]" has no driver File: C:/Users/there/OneDrive - UW/CSE 371/lab1/parking_lot.sv Line: 8
    Warning (13040): bidirectional pin "GPIO_0[15]" has no driver File: C:/Users/there/OneDrive - UW/CSE 371/lab1/parking_lot.sv Line: 8
    Warning (13040): bidirectional pin "GPIO_0[16]" has no driver File: C:/Users/there/OneDrive - UW/CSE 371/lab1/parking_lot.sv Line: 8
    Warning (13040): bidirectional pin "GPIO_0[17]" has no driver File: C:/Users/there/OneDrive - UW/CSE 371/lab1/parking_lot.sv Line: 8
    Warning (13040): bidirectional pin "GPIO_0[18]" has no driver File: C:/Users/there/OneDrive - UW/CSE 371/lab1/parking_lot.sv Line: 8
    Warning (13040): bidirectional pin "GPIO_0[19]" has no driver File: C:/Users/there/OneDrive - UW/CSE 371/lab1/parking_lot.sv Line: 8
    Warning (13040): bidirectional pin "GPIO_0[20]" has no driver File: C:/Users/there/OneDrive - UW/CSE 371/lab1/parking_lot.sv Line: 8
    Warning (13040): bidirectional pin "GPIO_0[21]" has no driver File: C:/Users/there/OneDrive - UW/CSE 371/lab1/parking_lot.sv Line: 8
    Warning (13040): bidirectional pin "GPIO_0[22]" has no driver File: C:/Users/there/OneDrive - UW/CSE 371/lab1/parking_lot.sv Line: 8
    Warning (13040): bidirectional pin "GPIO_0[23]" has no driver File: C:/Users/there/OneDrive - UW/CSE 371/lab1/parking_lot.sv Line: 8
    Warning (13040): bidirectional pin "GPIO_0[24]" has no driver File: C:/Users/there/OneDrive - UW/CSE 371/lab1/parking_lot.sv Line: 8
    Warning (13040): bidirectional pin "GPIO_0[25]" has no driver File: C:/Users/there/OneDrive - UW/CSE 371/lab1/parking_lot.sv Line: 8
    Warning (13040): bidirectional pin "GPIO_0[28]" has no driver File: C:/Users/there/OneDrive - UW/CSE 371/lab1/parking_lot.sv Line: 8
    Warning (13040): bidirectional pin "GPIO_0[29]" has no driver File: C:/Users/there/OneDrive - UW/CSE 371/lab1/parking_lot.sv Line: 8
    Warning (13040): bidirectional pin "GPIO_0[30]" has no driver File: C:/Users/there/OneDrive - UW/CSE 371/lab1/parking_lot.sv Line: 8
    Warning (13040): bidirectional pin "GPIO_0[31]" has no driver File: C:/Users/there/OneDrive - UW/CSE 371/lab1/parking_lot.sv Line: 8
    Warning (13040): bidirectional pin "GPIO_0[32]" has no driver File: C:/Users/there/OneDrive - UW/CSE 371/lab1/parking_lot.sv Line: 8
    Warning (13040): bidirectional pin "GPIO_0[33]" has no driver File: C:/Users/there/OneDrive - UW/CSE 371/lab1/parking_lot.sv Line: 8
Warning (13009): TRI or OPNDRN buffers permanently enabled
    Warning (13010): Node "GPIO_0[26]~synth" File: C:/Users/there/OneDrive - UW/CSE 371/lab1/parking_lot.sv Line: 8
    Warning (13010): Node "GPIO_0[27]~synth" File: C:/Users/there/OneDrive - UW/CSE 371/lab1/parking_lot.sv Line: 8
Warning (13024): Output pins are stuck at VCC or GND
    Warning (13410): Pin "HEX3[1]" is stuck at VCC File: C:/Users/there/OneDrive - UW/CSE 371/lab1/parking_lot.sv Line: 5
    Warning (13410): Pin "HEX3[2]" is stuck at VCC File: C:/Users/there/OneDrive - UW/CSE 371/lab1/parking_lot.sv Line: 5
    Warning (13410): Pin "HEX4[0]" is stuck at VCC File: C:/Users/there/OneDrive - UW/CSE 371/lab1/parking_lot.sv Line: 5
    Warning (13410): Pin "HEX4[6]" is stuck at VCC File: C:/Users/there/OneDrive - UW/CSE 371/lab1/parking_lot.sv Line: 5
    Warning (13410): Pin "HEX5[1]" is stuck at VCC File: C:/Users/there/OneDrive - UW/CSE 371/lab1/parking_lot.sv Line: 6
    Warning (13410): Pin "HEX5[2]" is stuck at VCC File: C:/Users/there/OneDrive - UW/CSE 371/lab1/parking_lot.sv Line: 6
Info (286030): Timing-Driven Synthesis is running
Info (144001): Generated suppressed messages file C:/Users/there/OneDrive - UW/CSE 371/lab1/output_files/lab1.map.smsg
Info (16010): Generating hard_block partition "hard_block:auto_generated_inst"
    Info (16011): Adding 0 node(s), including 0 DDIO, 0 PLL, 0 transceiver and 0 LCELL
Info (21057): Implemented 142 device resources after synthesis - the final resource count might be different
    Info (21058): Implemented 1 input pins
    Info (21059): Implemented 42 output pins
    Info (21060): Implemented 34 bidirectional pins
    Info (21061): Implemented 65 logic cells
Info: Quartus Prime Analysis & Synthesis was successful. 0 errors, 46 warnings
    Info: Peak virtual memory: 4885 megabytes
    Info: Processing ended: Fri Jan 13 13:37:19 2023
    Info: Elapsed time: 00:00:12
    Info: Total CPU time (on all processors): 00:00:26


+------------------------------------------+
; Analysis & Synthesis Suppressed Messages ;
+------------------------------------------+
The suppressed messages can be found in C:/Users/there/OneDrive - UW/CSE 371/lab1/output_files/lab1.map.smsg.


