Analysis & Synthesis report for lab4_task2
Sun Feb 12 22:26:18 2023
Quartus Prime Version 17.0.0 Build 595 04/25/2017 SJ Lite Edition


---------------------
; Table of Contents ;
---------------------
  1. Legal Notice
  2. Analysis & Synthesis Summary
  3. Analysis & Synthesis Settings
  4. Parallel Compilation
  5. Analysis & Synthesis Source Files Read
  6. Analysis & Synthesis Resource Usage Summary
  7. Analysis & Synthesis Resource Utilization by Entity
  8. Analysis & Synthesis RAM Summary
  9. State Machine - |DE1_SoC_task2|binary_search:bs|bs_ctrl:controller|ps
 10. General Register Statistics
 11. Multiplexer Restructuring Statistics (Restructuring Performed)
 12. Source assignments for binary_search:bs|bs_data:datapath|ram32x8:ram|altsyncram:altsyncram_component|altsyncram_4dp1:auto_generated
 13. Parameter Settings for User Entity Instance: binary_search:bs|bs_data:datapath|ram32x8:ram|altsyncram:altsyncram_component
 14. altsyncram Parameter Settings by Entity Instance
 15. Port Connectivity Checks: "binary_search:bs|bs_data:datapath|ram32x8:ram"
 16. Port Connectivity Checks: "binary_search:bs"
 17. Post-Synthesis Netlist Statistics for Top Partition
 18. Elapsed Time Per Partition
 19. Analysis & Synthesis Messages
 20. Analysis & Synthesis Suppressed Messages



----------------
; Legal Notice ;
----------------
Copyright (C) 2017  Intel Corporation. All rights reserved.
Your use of Intel Corporation's design tools, logic functions 
and other software and tools, and its AMPP partner logic 
functions, and any output files from any of the foregoing 
(including device programming or simulation files), and any 
associated documentation or information are expressly subject 
to the terms and conditions of the Intel Program License 
Subscription Agreement, the Intel Quartus Prime License Agreement,
the Intel MegaCore Function License Agreement, or other 
applicable license agreement, including, without limitation, 
that your use is for the sole purpose of programming logic 
devices manufactured by Intel and sold by Intel or its 
authorized distributors.  Please refer to the applicable 
agreement for further details.



+-------------------------------------------------------------------------------+
; Analysis & Synthesis Summary                                                  ;
+---------------------------------+---------------------------------------------+
; Analysis & Synthesis Status     ; Successful - Sun Feb 12 22:26:18 2023       ;
; Quartus Prime Version           ; 17.0.0 Build 595 04/25/2017 SJ Lite Edition ;
; Revision Name                   ; lab4_task2                                  ;
; Top-level Entity Name           ; DE1_SoC_task2                               ;
; Family                          ; Cyclone V                                   ;
; Logic utilization (in ALMs)     ; N/A                                         ;
; Total registers                 ; 28                                          ;
; Total pins                      ; 39                                          ;
; Total virtual pins              ; 0                                           ;
; Total block memory bits         ; 256                                         ;
; Total DSP Blocks                ; 0                                           ;
; Total HSSI RX PCSs              ; 0                                           ;
; Total HSSI PMA RX Deserializers ; 0                                           ;
; Total HSSI TX PCSs              ; 0                                           ;
; Total HSSI PMA TX Serializers   ; 0                                           ;
; Total PLLs                      ; 0                                           ;
; Total DLLs                      ; 0                                           ;
+---------------------------------+---------------------------------------------+


+---------------------------------------------------------------------------------------------------------------------------+
; Analysis & Synthesis Settings                                                                                             ;
+---------------------------------------------------------------------------------+--------------------+--------------------+
; Option                                                                          ; Setting            ; Default Value      ;
+---------------------------------------------------------------------------------+--------------------+--------------------+
; Device                                                                          ; 5CSEMA5F31C6       ;                    ;
; Top-level entity name                                                           ; DE1_SoC_task2      ; lab4_task2         ;
; Family name                                                                     ; Cyclone V          ; Cyclone V          ;
; State Machine Processing                                                        ; User-Encoded       ; Auto               ;
; Use smart compilation                                                           ; Off                ; Off                ;
; Enable parallel Assembler and TimeQuest Timing Analyzer during compilation      ; On                 ; On                 ;
; Enable compact report table                                                     ; Off                ; Off                ;
; Restructure Multiplexers                                                        ; Auto               ; Auto               ;
; MLAB Add Timing Constraints For Mixed-Port Feed-Through Mode Setting Don't Care ; Off                ; Off                ;
; Create Debugging Nodes for IP Cores                                             ; Off                ; Off                ;
; Preserve fewer node names                                                       ; On                 ; On                 ;
; OpenCore Plus hardware evaluation                                               ; Enable             ; Enable             ;
; Verilog Version                                                                 ; Verilog_2001       ; Verilog_2001       ;
; VHDL Version                                                                    ; VHDL_1993          ; VHDL_1993          ;
; Safe State Machine                                                              ; Off                ; Off                ;
; Extract Verilog State Machines                                                  ; On                 ; On                 ;
; Extract VHDL State Machines                                                     ; On                 ; On                 ;
; Ignore Verilog initial constructs                                               ; Off                ; Off                ;
; Iteration limit for constant Verilog loops                                      ; 5000               ; 5000               ;
; Iteration limit for non-constant Verilog loops                                  ; 250                ; 250                ;
; Add Pass-Through Logic to Inferred RAMs                                         ; On                 ; On                 ;
; Infer RAMs from Raw Logic                                                       ; On                 ; On                 ;
; Parallel Synthesis                                                              ; On                 ; On                 ;
; DSP Block Balancing                                                             ; Auto               ; Auto               ;
; NOT Gate Push-Back                                                              ; On                 ; On                 ;
; Power-Up Don't Care                                                             ; On                 ; On                 ;
; Remove Redundant Logic Cells                                                    ; Off                ; Off                ;
; Remove Duplicate Registers                                                      ; On                 ; On                 ;
; Ignore CARRY Buffers                                                            ; Off                ; Off                ;
; Ignore CASCADE Buffers                                                          ; Off                ; Off                ;
; Ignore GLOBAL Buffers                                                           ; Off                ; Off                ;
; Ignore ROW GLOBAL Buffers                                                       ; Off                ; Off                ;
; Ignore LCELL Buffers                                                            ; Off                ; Off                ;
; Ignore SOFT Buffers                                                             ; On                 ; On                 ;
; Limit AHDL Integers to 32 Bits                                                  ; Off                ; Off                ;
; Optimization Technique                                                          ; Balanced           ; Balanced           ;
; Carry Chain Length                                                              ; 70                 ; 70                 ;
; Auto Carry Chains                                                               ; On                 ; On                 ;
; Auto Open-Drain Pins                                                            ; On                 ; On                 ;
; Perform WYSIWYG Primitive Resynthesis                                           ; Off                ; Off                ;
; Auto ROM Replacement                                                            ; On                 ; On                 ;
; Auto RAM Replacement                                                            ; On                 ; On                 ;
; Auto DSP Block Replacement                                                      ; On                 ; On                 ;
; Auto Shift Register Replacement                                                 ; Auto               ; Auto               ;
; Allow Shift Register Merging across Hierarchies                                 ; Auto               ; Auto               ;
; Auto Clock Enable Replacement                                                   ; On                 ; On                 ;
; Strict RAM Replacement                                                          ; Off                ; Off                ;
; Allow Synchronous Control Signals                                               ; On                 ; On                 ;
; Force Use of Synchronous Clear Signals                                          ; Off                ; Off                ;
; Auto Resource Sharing                                                           ; Off                ; Off                ;
; Allow Any RAM Size For Recognition                                              ; Off                ; Off                ;
; Allow Any ROM Size For Recognition                                              ; Off                ; Off                ;
; Allow Any Shift Register Size For Recognition                                   ; Off                ; Off                ;
; Use LogicLock Constraints during Resource Balancing                             ; On                 ; On                 ;
; Ignore translate_off and synthesis_off directives                               ; Off                ; Off                ;
; Timing-Driven Synthesis                                                         ; On                 ; On                 ;
; Report Parameter Settings                                                       ; On                 ; On                 ;
; Report Source Assignments                                                       ; On                 ; On                 ;
; Report Connectivity Checks                                                      ; On                 ; On                 ;
; Ignore Maximum Fan-Out Assignments                                              ; Off                ; Off                ;
; Synchronization Register Chain Length                                           ; 3                  ; 3                  ;
; PowerPlay Power Optimization During Synthesis                                   ; Normal compilation ; Normal compilation ;
; HDL message level                                                               ; Level2             ; Level2             ;
; Suppress Register Optimization Related Messages                                 ; Off                ; Off                ;
; Number of Removed Registers Reported in Synthesis Report                        ; 5000               ; 5000               ;
; Number of Swept Nodes Reported in Synthesis Report                              ; 5000               ; 5000               ;
; Number of Inverted Registers Reported in Synthesis Report                       ; 100                ; 100                ;
; Clock MUX Protection                                                            ; On                 ; On                 ;
; Auto Gated Clock Conversion                                                     ; Off                ; Off                ;
; Block Design Naming                                                             ; Auto               ; Auto               ;
; SDC constraint protection                                                       ; Off                ; Off                ;
; Synthesis Effort                                                                ; Auto               ; Auto               ;
; Shift Register Replacement - Allow Asynchronous Clear Signal                    ; On                 ; On                 ;
; Pre-Mapping Resynthesis Optimization                                            ; Off                ; Off                ;
; Analysis & Synthesis Message Level                                              ; Medium             ; Medium             ;
; Disable Register Merging Across Hierarchies                                     ; Auto               ; Auto               ;
; Resource Aware Inference For Block RAM                                          ; On                 ; On                 ;
; Automatic Parallel Synthesis                                                    ; On                 ; On                 ;
; Partial Reconfiguration Bitstream ID                                            ; Off                ; Off                ;
+---------------------------------------------------------------------------------+--------------------+--------------------+


+------------------------------------------+
; Parallel Compilation                     ;
+----------------------------+-------------+
; Processors                 ; Number      ;
+----------------------------+-------------+
; Number detected on machine ; 12          ;
; Maximum allowed            ; 12          ;
;                            ;             ;
; Average used               ; 1.00        ;
; Maximum used               ; 12          ;
;                            ;             ;
; Usage by Processor         ; % Time Used ;
;     Processor 1            ; 100.0%      ;
;     Processors 2-12        ;   0.0%      ;
+----------------------------+-------------+


+---------------------------------------------------------------------------------------------------------------------------------------------------------------------------------+
; Analysis & Synthesis Source Files Read                                                                                                                                          ;
+----------------------------------+-----------------+-----------------------------------+------------------------------------------------------------------------------+---------+
; File Name with User-Entered Path ; Used in Netlist ; File Type                         ; File Name with Absolute Path                                                 ; Library ;
+----------------------------------+-----------------+-----------------------------------+------------------------------------------------------------------------------+---------+
; DE1_SoC_task2.sv                 ; yes             ; User SystemVerilog HDL File       ; C:/Users/there/OneDrive - UW/CSE 371/lab4_task2/DE1_SoC_task2.sv             ;         ;
; double_seg7.sv                   ; yes             ; User SystemVerilog HDL File       ; C:/Users/there/OneDrive - UW/CSE 371/lab4_task2/double_seg7.sv               ;         ;
; bs_data.sv                       ; yes             ; User SystemVerilog HDL File       ; C:/Users/there/OneDrive - UW/CSE 371/lab4_task2/bs_data.sv                   ;         ;
; bs_ctrl.sv                       ; yes             ; User SystemVerilog HDL File       ; C:/Users/there/OneDrive - UW/CSE 371/lab4_task2/bs_ctrl.sv                   ;         ;
; binary_search.sv                 ; yes             ; User SystemVerilog HDL File       ; C:/Users/there/OneDrive - UW/CSE 371/lab4_task2/binary_search.sv             ;         ;
; my_array.mif                     ; yes             ; User Memory Initialization File   ; C:/Users/there/OneDrive - UW/CSE 371/lab4_task2/my_array.mif                 ;         ;
; ram32x8.v                        ; yes             ; Auto-Found Wizard-Generated File  ; C:/Users/there/OneDrive - UW/CSE 371/lab4_task2/ram32x8.v                    ;         ;
; altsyncram.tdf                   ; yes             ; Megafunction                      ; c:/intelfpga_lite/17.0/quartus/libraries/megafunctions/altsyncram.tdf        ;         ;
; stratix_ram_block.inc            ; yes             ; Megafunction                      ; c:/intelfpga_lite/17.0/quartus/libraries/megafunctions/stratix_ram_block.inc ;         ;
; lpm_mux.inc                      ; yes             ; Megafunction                      ; c:/intelfpga_lite/17.0/quartus/libraries/megafunctions/lpm_mux.inc           ;         ;
; lpm_decode.inc                   ; yes             ; Megafunction                      ; c:/intelfpga_lite/17.0/quartus/libraries/megafunctions/lpm_decode.inc        ;         ;
; aglobal170.inc                   ; yes             ; Megafunction                      ; c:/intelfpga_lite/17.0/quartus/libraries/megafunctions/aglobal170.inc        ;         ;
; a_rdenreg.inc                    ; yes             ; Megafunction                      ; c:/intelfpga_lite/17.0/quartus/libraries/megafunctions/a_rdenreg.inc         ;         ;
; altrom.inc                       ; yes             ; Megafunction                      ; c:/intelfpga_lite/17.0/quartus/libraries/megafunctions/altrom.inc            ;         ;
; altram.inc                       ; yes             ; Megafunction                      ; c:/intelfpga_lite/17.0/quartus/libraries/megafunctions/altram.inc            ;         ;
; altdpram.inc                     ; yes             ; Megafunction                      ; c:/intelfpga_lite/17.0/quartus/libraries/megafunctions/altdpram.inc          ;         ;
; db/altsyncram_4dp1.tdf           ; yes             ; Auto-Generated Megafunction       ; C:/Users/there/OneDrive - UW/CSE 371/lab4_task2/db/altsyncram_4dp1.tdf       ;         ;
+----------------------------------+-----------------+-----------------------------------+------------------------------------------------------------------------------+---------+


+--------------------------------------------------------------+
; Analysis & Synthesis Resource Usage Summary                  ;
+---------------------------------------------+----------------+
; Resource                                    ; Usage          ;
+---------------------------------------------+----------------+
; Estimate of Logic utilization (ALMs needed) ; 24             ;
;                                             ;                ;
; Combinational ALUT usage for logic          ; 35             ;
;     -- 7 input functions                    ; 0              ;
;     -- 6 input functions                    ; 10             ;
;     -- 5 input functions                    ; 3              ;
;     -- 4 input functions                    ; 14             ;
;     -- <=3 input functions                  ; 8              ;
;                                             ;                ;
; Dedicated logic registers                   ; 28             ;
;                                             ;                ;
; I/O pins                                    ; 39             ;
; Total MLAB memory bits                      ; 0              ;
; Total block memory bits                     ; 256            ;
;                                             ;                ;
; Total DSP Blocks                            ; 0              ;
;                                             ;                ;
; Maximum fan-out node                        ; CLOCK_50~input ;
; Maximum fan-out                             ; 36             ;
; Total fan-out                               ; 330            ;
; Average fan-out                             ; 2.21           ;
+---------------------------------------------+----------------+


+-------------------------------------------------------------------------------------------------------------------------------------------------------------------------------------------------------------------------------------------------------------------------------------------------------------------------+
; Analysis & Synthesis Resource Utilization by Entity                                                                                                                                                                                                                                                                     ;
+-------------------------------------------------+---------------------+---------------------------+-------------------+------------+------+--------------+-----------------------------------------------------------------------------------------------------------------------------+-----------------+--------------+
; Compilation Hierarchy Node                      ; Combinational ALUTs ; Dedicated Logic Registers ; Block Memory Bits ; DSP Blocks ; Pins ; Virtual Pins ; Full Hierarchy Name                                                                                                         ; Entity Name     ; Library Name ;
+-------------------------------------------------+---------------------+---------------------------+-------------------+------------+------+--------------+-----------------------------------------------------------------------------------------------------------------------------+-----------------+--------------+
; |DE1_SoC_task2                                  ; 35 (1)              ; 28 (0)                    ; 256               ; 0          ; 39   ; 0            ; |DE1_SoC_task2                                                                                                              ; DE1_SoC_task2   ; work         ;
;    |binary_search:bs|                           ; 27 (0)              ; 28 (0)                    ; 256               ; 0          ; 0    ; 0            ; |DE1_SoC_task2|binary_search:bs                                                                                             ; binary_search   ; work         ;
;       |bs_ctrl:controller|                      ; 3 (3)               ; 3 (3)                     ; 0                 ; 0          ; 0    ; 0            ; |DE1_SoC_task2|binary_search:bs|bs_ctrl:controller                                                                          ; bs_ctrl         ; work         ;
;       |bs_data:datapath|                        ; 24 (24)             ; 25 (25)                   ; 256               ; 0          ; 0    ; 0            ; |DE1_SoC_task2|binary_search:bs|bs_data:datapath                                                                            ; bs_data         ; work         ;
;          |ram32x8:ram|                          ; 0 (0)               ; 0 (0)                     ; 256               ; 0          ; 0    ; 0            ; |DE1_SoC_task2|binary_search:bs|bs_data:datapath|ram32x8:ram                                                                ; ram32x8         ; work         ;
;             |altsyncram:altsyncram_component|   ; 0 (0)               ; 0 (0)                     ; 256               ; 0          ; 0    ; 0            ; |DE1_SoC_task2|binary_search:bs|bs_data:datapath|ram32x8:ram|altsyncram:altsyncram_component                                ; altsyncram      ; work         ;
;                |altsyncram_4dp1:auto_generated| ; 0 (0)               ; 0 (0)                     ; 256               ; 0          ; 0    ; 0            ; |DE1_SoC_task2|binary_search:bs|bs_data:datapath|ram32x8:ram|altsyncram:altsyncram_component|altsyncram_4dp1:auto_generated ; altsyncram_4dp1 ; work         ;
;    |double_seg7:addr|                           ; 7 (7)               ; 0 (0)                     ; 0                 ; 0          ; 0    ; 0            ; |DE1_SoC_task2|double_seg7:addr                                                                                             ; double_seg7     ; work         ;
+-------------------------------------------------+---------------------+---------------------------+-------------------+------------+------+--------------+-----------------------------------------------------------------------------------------------------------------------------+-----------------+--------------+
Note: For table entries with two numbers listed, the numbers in parentheses indicate the number of resources of the given type used by the specific entity alone. The numbers listed outside of parentheses indicate the total resources of the given type used by the specific entity and all of its sub-entities in the hierarchy.


+--------------------------------------------------------------------------------------------------------------------------------------------------------------------------------------------------------------------------------------+
; Analysis & Synthesis RAM Summary                                                                                                                                                                                                     ;
+-------------------------------------------------------------------------------------------------------------------------+------------+-------------+--------------+--------------+--------------+--------------+------+--------------+
; Name                                                                                                                    ; Type       ; Mode        ; Port A Depth ; Port A Width ; Port B Depth ; Port B Width ; Size ; MIF          ;
+-------------------------------------------------------------------------------------------------------------------------+------------+-------------+--------------+--------------+--------------+--------------+------+--------------+
; binary_search:bs|bs_data:datapath|ram32x8:ram|altsyncram:altsyncram_component|altsyncram_4dp1:auto_generated|ALTSYNCRAM ; M10K block ; Single Port ; 32           ; 8            ; --           ; --           ; 256  ; my_array.mif ;
+-------------------------------------------------------------------------------------------------------------------------+------------+-------------+--------------+--------------+--------------+--------------+------+--------------+


Encoding Type:  User-Encoded
+-----------------------------------------------------------------------+
; State Machine - |DE1_SoC_task2|binary_search:bs|bs_ctrl:controller|ps ;
+-------------+------+--------------------------------------------------+
; Name        ; ps~3 ; ps~2                                             ;
+-------------+------+--------------------------------------------------+
; ps.s_start  ; 0    ; 0                                                ;
; ps.s_load   ; 0    ; 1                                                ;
; ps.s_search ; 1    ; 0                                                ;
; ps.s_done   ; 1    ; 1                                                ;
+-------------+------+--------------------------------------------------+


+------------------------------------------------------+
; General Register Statistics                          ;
+----------------------------------------------+-------+
; Statistic                                    ; Value ;
+----------------------------------------------+-------+
; Total registers                              ; 28    ;
; Number of registers using Synchronous Clear  ; 0     ;
; Number of registers using Synchronous Load   ; 0     ;
; Number of registers using Asynchronous Clear ; 0     ;
; Number of registers using Asynchronous Load  ; 0     ;
; Number of registers using Clock Enable       ; 16    ;
; Number of registers using Preset             ; 0     ;
+----------------------------------------------+-------+


+---------------------------------------------------------------------------------------------------------------------------------------------------------------------+
; Multiplexer Restructuring Statistics (Restructuring Performed)                                                                                                      ;
+--------------------+-----------+---------------+----------------------+------------------------+------------+-------------------------------------------------------+
; Multiplexer Inputs ; Bus Width ; Baseline Area ; Area if Restructured ; Saving if Restructured ; Registered ; Example Multiplexer Output                            ;
+--------------------+-----------+---------------+----------------------+------------------------+------------+-------------------------------------------------------+
; 3:1                ; 4 bits    ; 8 LEs         ; 4 LEs                ; 4 LEs                  ; Yes        ; |DE1_SoC_task2|binary_search:bs|bs_data:datapath|S[0] ;
; 3:1                ; 4 bits    ; 8 LEs         ; 4 LEs                ; 4 LEs                  ; Yes        ; |DE1_SoC_task2|binary_search:bs|bs_data:datapath|I[0] ;
+--------------------+-----------+---------------+----------------------+------------------------+------------+-------------------------------------------------------+


+-------------------------------------------------------------------------------------------------------------------------------------+
; Source assignments for binary_search:bs|bs_data:datapath|ram32x8:ram|altsyncram:altsyncram_component|altsyncram_4dp1:auto_generated ;
+---------------------------------+--------------------+------+-----------------------------------------------------------------------+
; Assignment                      ; Value              ; From ; To                                                                    ;
+---------------------------------+--------------------+------+-----------------------------------------------------------------------+
; OPTIMIZE_POWER_DURING_SYNTHESIS ; NORMAL_COMPILATION ; -    ; -                                                                     ;
+---------------------------------+--------------------+------+-----------------------------------------------------------------------+


+----------------------------------------------------------------------------------------------------------------------------+
; Parameter Settings for User Entity Instance: binary_search:bs|bs_data:datapath|ram32x8:ram|altsyncram:altsyncram_component ;
+------------------------------------+----------------------+----------------------------------------------------------------+
; Parameter Name                     ; Value                ; Type                                                           ;
+------------------------------------+----------------------+----------------------------------------------------------------+
; BYTE_SIZE_BLOCK                    ; 8                    ; Untyped                                                        ;
; AUTO_CARRY_CHAINS                  ; ON                   ; AUTO_CARRY                                                     ;
; IGNORE_CARRY_BUFFERS               ; OFF                  ; IGNORE_CARRY                                                   ;
; AUTO_CASCADE_CHAINS                ; ON                   ; AUTO_CASCADE                                                   ;
; IGNORE_CASCADE_BUFFERS             ; OFF                  ; IGNORE_CASCADE                                                 ;
; WIDTH_BYTEENA                      ; 1                    ; Untyped                                                        ;
; OPERATION_MODE                     ; SINGLE_PORT          ; Untyped                                                        ;
; WIDTH_A                            ; 8                    ; Signed Integer                                                 ;
; WIDTHAD_A                          ; 5                    ; Signed Integer                                                 ;
; NUMWORDS_A                         ; 32                   ; Signed Integer                                                 ;
; OUTDATA_REG_A                      ; UNREGISTERED         ; Untyped                                                        ;
; ADDRESS_ACLR_A                     ; NONE                 ; Untyped                                                        ;
; OUTDATA_ACLR_A                     ; NONE                 ; Untyped                                                        ;
; WRCONTROL_ACLR_A                   ; NONE                 ; Untyped                                                        ;
; INDATA_ACLR_A                      ; NONE                 ; Untyped                                                        ;
; BYTEENA_ACLR_A                     ; NONE                 ; Untyped                                                        ;
; WIDTH_B                            ; 1                    ; Untyped                                                        ;
; WIDTHAD_B                          ; 1                    ; Untyped                                                        ;
; NUMWORDS_B                         ; 1                    ; Untyped                                                        ;
; INDATA_REG_B                       ; CLOCK1               ; Untyped                                                        ;
; WRCONTROL_WRADDRESS_REG_B          ; CLOCK1               ; Untyped                                                        ;
; RDCONTROL_REG_B                    ; CLOCK1               ; Untyped                                                        ;
; ADDRESS_REG_B                      ; CLOCK1               ; Untyped                                                        ;
; OUTDATA_REG_B                      ; UNREGISTERED         ; Untyped                                                        ;
; BYTEENA_REG_B                      ; CLOCK1               ; Untyped                                                        ;
; INDATA_ACLR_B                      ; NONE                 ; Untyped                                                        ;
; WRCONTROL_ACLR_B                   ; NONE                 ; Untyped                                                        ;
; ADDRESS_ACLR_B                     ; NONE                 ; Untyped                                                        ;
; OUTDATA_ACLR_B                     ; NONE                 ; Untyped                                                        ;
; RDCONTROL_ACLR_B                   ; NONE                 ; Untyped                                                        ;
; BYTEENA_ACLR_B                     ; NONE                 ; Untyped                                                        ;
; WIDTH_BYTEENA_A                    ; 1                    ; Signed Integer                                                 ;
; WIDTH_BYTEENA_B                    ; 1                    ; Untyped                                                        ;
; RAM_BLOCK_TYPE                     ; M10K                 ; Untyped                                                        ;
; BYTE_SIZE                          ; 8                    ; Untyped                                                        ;
; READ_DURING_WRITE_MODE_MIXED_PORTS ; DONT_CARE            ; Untyped                                                        ;
; READ_DURING_WRITE_MODE_PORT_A      ; DONT_CARE            ; Untyped                                                        ;
; READ_DURING_WRITE_MODE_PORT_B      ; NEW_DATA_NO_NBE_READ ; Untyped                                                        ;
; INIT_FILE                          ; my_array.mif         ; Untyped                                                        ;
; INIT_FILE_LAYOUT                   ; PORT_A               ; Untyped                                                        ;
; MAXIMUM_DEPTH                      ; 0                    ; Untyped                                                        ;
; CLOCK_ENABLE_INPUT_A               ; BYPASS               ; Untyped                                                        ;
; CLOCK_ENABLE_INPUT_B               ; NORMAL               ; Untyped                                                        ;
; CLOCK_ENABLE_OUTPUT_A              ; BYPASS               ; Untyped                                                        ;
; CLOCK_ENABLE_OUTPUT_B              ; NORMAL               ; Untyped                                                        ;
; CLOCK_ENABLE_CORE_A                ; USE_INPUT_CLKEN      ; Untyped                                                        ;
; CLOCK_ENABLE_CORE_B                ; USE_INPUT_CLKEN      ; Untyped                                                        ;
; ENABLE_ECC                         ; FALSE                ; Untyped                                                        ;
; ECC_PIPELINE_STAGE_ENABLED         ; FALSE                ; Untyped                                                        ;
; WIDTH_ECCSTATUS                    ; 3                    ; Untyped                                                        ;
; DEVICE_FAMILY                      ; Cyclone V            ; Untyped                                                        ;
; CBXI_PARAMETER                     ; altsyncram_4dp1      ; Untyped                                                        ;
+------------------------------------+----------------------+----------------------------------------------------------------+
Note: In order to hide this table in the UI and the text report file, please set the "Show Parameter Settings in Synthesis Report" option in "Analysis and Synthesis Settings -> More Settings" to "Off".


+---------------------------------------------------------------------------------------------------------------------------+
; altsyncram Parameter Settings by Entity Instance                                                                          ;
+-------------------------------------------+-------------------------------------------------------------------------------+
; Name                                      ; Value                                                                         ;
+-------------------------------------------+-------------------------------------------------------------------------------+
; Number of entity instances                ; 1                                                                             ;
; Entity Instance                           ; binary_search:bs|bs_data:datapath|ram32x8:ram|altsyncram:altsyncram_component ;
;     -- OPERATION_MODE                     ; SINGLE_PORT                                                                   ;
;     -- WIDTH_A                            ; 8                                                                             ;
;     -- NUMWORDS_A                         ; 32                                                                            ;
;     -- OUTDATA_REG_A                      ; UNREGISTERED                                                                  ;
;     -- WIDTH_B                            ; 1                                                                             ;
;     -- NUMWORDS_B                         ; 1                                                                             ;
;     -- ADDRESS_REG_B                      ; CLOCK1                                                                        ;
;     -- OUTDATA_REG_B                      ; UNREGISTERED                                                                  ;
;     -- RAM_BLOCK_TYPE                     ; M10K                                                                          ;
;     -- READ_DURING_WRITE_MODE_MIXED_PORTS ; DONT_CARE                                                                     ;
+-------------------------------------------+-------------------------------------------------------------------------------+


+---------------------------------------------------------------------------+
; Port Connectivity Checks: "binary_search:bs|bs_data:datapath|ram32x8:ram" ;
+------+-------+----------+-------------------------------------------------+
; Port ; Type  ; Severity ; Details                                         ;
+------+-------+----------+-------------------------------------------------+
; data ; Input ; Info     ; Stuck at GND                                    ;
; wren ; Input ; Info     ; Stuck at GND                                    ;
+------+-------+----------+-------------------------------------------------+


+---------------------------------------------------------------------------------------------------------------------------------------------------------------------------------------------------+
; Port Connectivity Checks: "binary_search:bs"                                                                                                                                                      ;
+-------+--------+----------+-----------------------------------------------------------------------------------------------------------------------------------------------------------------------+
; Port  ; Type   ; Severity ; Details                                                                                                                                                               ;
+-------+--------+----------+-----------------------------------------------------------------------------------------------------------------------------------------------------------------------+
; index ; Output ; Warning  ; Output or bidir port (5 bits) is smaller than the port expression (8 bits) it drives.  The 3 most-significant bit(s) in the port expression will be connected to GND. ;
+-------+--------+----------+-----------------------------------------------------------------------------------------------------------------------------------------------------------------------+


+-----------------------------------------------------+
; Post-Synthesis Netlist Statistics for Top Partition ;
+-----------------------+-----------------------------+
; Type                  ; Count                       ;
+-----------------------+-----------------------------+
; arriav_ff             ; 28                          ;
;     ENA               ; 16                          ;
;     plain             ; 12                          ;
; arriav_lcell_comb     ; 37                          ;
;     normal            ; 37                          ;
;         0 data inputs ; 2                           ;
;         1 data inputs ; 1                           ;
;         2 data inputs ; 2                           ;
;         3 data inputs ; 5                           ;
;         4 data inputs ; 14                          ;
;         5 data inputs ; 3                           ;
;         6 data inputs ; 10                          ;
; boundary_port         ; 39                          ;
; stratixv_ram_block    ; 8                           ;
;                       ;                             ;
; Max LUT depth         ; 3.00                        ;
; Average LUT depth     ; 1.81                        ;
+-----------------------+-----------------------------+


+-------------------------------+
; Elapsed Time Per Partition    ;
+----------------+--------------+
; Partition Name ; Elapsed Time ;
+----------------+--------------+
; Top            ; 00:00:00     ;
+----------------+--------------+


+-------------------------------+
; Analysis & Synthesis Messages ;
+-------------------------------+
Info: *******************************************************************
Info: Running Quartus Prime Analysis & Synthesis
    Info: Version 17.0.0 Build 595 04/25/2017 SJ Lite Edition
    Info: Processing started: Sun Feb 12 22:26:06 2023
Info: Command: quartus_map --read_settings_files=on --write_settings_files=off lab4_task2 -c lab4_task2
Warning (125092): Tcl Script File ram32x8.qip not found
    Info (125063): set_global_assignment -name QIP_FILE ram32x8.qip
Warning (18236): Number of processors has not been specified which may cause overloading on shared machines.  Set the global assignment NUM_PARALLEL_PROCESSORS in your QSF to an appropriate value for best performance.
Info (20030): Parallel compilation is enabled and will use 12 of the 12 processors detected
Info (12021): Found 2 design units, including 2 entities, in source file de1_soc_task2.sv
    Info (12023): Found entity 1: DE1_SoC_task2 File: C:/Users/there/OneDrive - UW/CSE 371/lab4_task2/DE1_SoC_task2.sv Line: 1
    Info (12023): Found entity 2: DE1_SoC_task2_testbench File: C:/Users/there/OneDrive - UW/CSE 371/lab4_task2/DE1_SoC_task2.sv Line: 31
Info (12021): Found 2 design units, including 2 entities, in source file double_seg7.sv
    Info (12023): Found entity 1: double_seg7 File: C:/Users/there/OneDrive - UW/CSE 371/lab4_task2/double_seg7.sv Line: 18
    Info (12023): Found entity 2: double_seg7_testbench File: C:/Users/there/OneDrive - UW/CSE 371/lab4_task2/double_seg7.sv Line: 76
Info (12021): Found 2 design units, including 2 entities, in source file bs_data.sv
    Info (12023): Found entity 1: bs_data File: C:/Users/there/OneDrive - UW/CSE 371/lab4_task2/bs_data.sv Line: 1
    Info (12023): Found entity 2: bs_data_testbench File: C:/Users/there/OneDrive - UW/CSE 371/lab4_task2/bs_data.sv Line: 49
Info (12021): Found 2 design units, including 2 entities, in source file bs_ctrl.sv
    Info (12023): Found entity 1: bs_ctrl File: C:/Users/there/OneDrive - UW/CSE 371/lab4_task2/bs_ctrl.sv Line: 1
    Info (12023): Found entity 2: bs_ctrl_testbench File: C:/Users/there/OneDrive - UW/CSE 371/lab4_task2/bs_ctrl.sv Line: 63
Info (12021): Found 2 design units, including 2 entities, in source file binary_search.sv
    Info (12023): Found entity 1: binary_search File: C:/Users/there/OneDrive - UW/CSE 371/lab4_task2/binary_search.sv Line: 25
    Info (12023): Found entity 2: binary_search_testbench File: C:/Users/there/OneDrive - UW/CSE 371/lab4_task2/binary_search.sv Line: 61
Info (12127): Elaborating entity "DE1_SoC_task2" for the top level hierarchy
Info (12128): Elaborating entity "double_seg7" for hierarchy "double_seg7:addr" File: C:/Users/there/OneDrive - UW/CSE 371/lab4_task2/DE1_SoC_task2.sv Line: 16
Info (12128): Elaborating entity "binary_search" for hierarchy "binary_search:bs" File: C:/Users/there/OneDrive - UW/CSE 371/lab4_task2/DE1_SoC_task2.sv Line: 26
Info (12128): Elaborating entity "bs_ctrl" for hierarchy "binary_search:bs|bs_ctrl:controller" File: C:/Users/there/OneDrive - UW/CSE 371/lab4_task2/binary_search.sv Line: 41
Info (12128): Elaborating entity "bs_data" for hierarchy "binary_search:bs|bs_data:datapath" File: C:/Users/there/OneDrive - UW/CSE 371/lab4_task2/binary_search.sv Line: 53
Warning (12125): Using design file ram32x8.v, which is not specified as a design file for the current project, but contains definitions for 1 design units and 1 entities in project
    Info (12023): Found entity 1: ram32x8 File: C:/Users/there/OneDrive - UW/CSE 371/lab4_task2/ram32x8.v Line: 40
Info (12128): Elaborating entity "ram32x8" for hierarchy "binary_search:bs|bs_data:datapath|ram32x8:ram" File: C:/Users/there/OneDrive - UW/CSE 371/lab4_task2/bs_data.sv Line: 17
Info (12128): Elaborating entity "altsyncram" for hierarchy "binary_search:bs|bs_data:datapath|ram32x8:ram|altsyncram:altsyncram_component" File: C:/Users/there/OneDrive - UW/CSE 371/lab4_task2/ram32x8.v Line: 86
Info (12130): Elaborated megafunction instantiation "binary_search:bs|bs_data:datapath|ram32x8:ram|altsyncram:altsyncram_component" File: C:/Users/there/OneDrive - UW/CSE 371/lab4_task2/ram32x8.v Line: 86
Info (12133): Instantiated megafunction "binary_search:bs|bs_data:datapath|ram32x8:ram|altsyncram:altsyncram_component" with the following parameter: File: C:/Users/there/OneDrive - UW/CSE 371/lab4_task2/ram32x8.v Line: 86
    Info (12134): Parameter "clock_enable_input_a" = "BYPASS"
    Info (12134): Parameter "clock_enable_output_a" = "BYPASS"
    Info (12134): Parameter "init_file" = "my_array.mif"
    Info (12134): Parameter "intended_device_family" = "Cyclone V"
    Info (12134): Parameter "lpm_hint" = "ENABLE_RUNTIME_MOD=NO"
    Info (12134): Parameter "lpm_type" = "altsyncram"
    Info (12134): Parameter "numwords_a" = "32"
    Info (12134): Parameter "operation_mode" = "SINGLE_PORT"
    Info (12134): Parameter "outdata_aclr_a" = "NONE"
    Info (12134): Parameter "outdata_reg_a" = "UNREGISTERED"
    Info (12134): Parameter "power_up_uninitialized" = "FALSE"
    Info (12134): Parameter "ram_block_type" = "M10K"
    Info (12134): Parameter "read_during_write_mode_port_a" = "DONT_CARE"
    Info (12134): Parameter "widthad_a" = "5"
    Info (12134): Parameter "width_a" = "8"
    Info (12134): Parameter "width_byteena_a" = "1"
Info (12021): Found 1 design units, including 1 entities, in source file db/altsyncram_4dp1.tdf
    Info (12023): Found entity 1: altsyncram_4dp1 File: C:/Users/there/OneDrive - UW/CSE 371/lab4_task2/db/altsyncram_4dp1.tdf Line: 28
Info (12128): Elaborating entity "altsyncram_4dp1" for hierarchy "binary_search:bs|bs_data:datapath|ram32x8:ram|altsyncram:altsyncram_component|altsyncram_4dp1:auto_generated" File: c:/intelfpga_lite/17.0/quartus/libraries/megafunctions/altsyncram.tdf Line: 792
Warning (12011): Net is missing source, defaulting to GND
    Warning (12110): Net "index[7]" is missing source, defaulting to GND File: C:/Users/there/OneDrive - UW/CSE 371/lab4_task2/DE1_SoC_task2.sv Line: 11
    Warning (12110): Net "index[6]" is missing source, defaulting to GND File: C:/Users/there/OneDrive - UW/CSE 371/lab4_task2/DE1_SoC_task2.sv Line: 11
    Warning (12110): Net "index[5]" is missing source, defaulting to GND File: C:/Users/there/OneDrive - UW/CSE 371/lab4_task2/DE1_SoC_task2.sv Line: 11
Warning (12241): 1 hierarchies have connectivity warnings - see the Connectivity Checks report folder
Warning (13024): Output pins are stuck at VCC or GND
    Warning (13410): Pin "HEX1[1]" is stuck at GND File: C:/Users/there/OneDrive - UW/CSE 371/lab4_task2/DE1_SoC_task2.sv Line: 3
    Warning (13410): Pin "HEX1[2]" is stuck at GND File: C:/Users/there/OneDrive - UW/CSE 371/lab4_task2/DE1_SoC_task2.sv Line: 3
    Warning (13410): Pin "HEX1[6]" is stuck at VCC File: C:/Users/there/OneDrive - UW/CSE 371/lab4_task2/DE1_SoC_task2.sv Line: 3
    Warning (13410): Pin "LEDR[0]" is stuck at GND File: C:/Users/there/OneDrive - UW/CSE 371/lab4_task2/DE1_SoC_task2.sv Line: 4
    Warning (13410): Pin "LEDR[1]" is stuck at GND File: C:/Users/there/OneDrive - UW/CSE 371/lab4_task2/DE1_SoC_task2.sv Line: 4
    Warning (13410): Pin "LEDR[2]" is stuck at GND File: C:/Users/there/OneDrive - UW/CSE 371/lab4_task2/DE1_SoC_task2.sv Line: 4
    Warning (13410): Pin "LEDR[3]" is stuck at GND File: C:/Users/there/OneDrive - UW/CSE 371/lab4_task2/DE1_SoC_task2.sv Line: 4
    Warning (13410): Pin "LEDR[4]" is stuck at GND File: C:/Users/there/OneDrive - UW/CSE 371/lab4_task2/DE1_SoC_task2.sv Line: 4
    Warning (13410): Pin "LEDR[5]" is stuck at GND File: C:/Users/there/OneDrive - UW/CSE 371/lab4_task2/DE1_SoC_task2.sv Line: 4
    Warning (13410): Pin "LEDR[6]" is stuck at GND File: C:/Users/there/OneDrive - UW/CSE 371/lab4_task2/DE1_SoC_task2.sv Line: 4
    Warning (13410): Pin "LEDR[7]" is stuck at GND File: C:/Users/there/OneDrive - UW/CSE 371/lab4_task2/DE1_SoC_task2.sv Line: 4
Info (286030): Timing-Driven Synthesis is running
Info (144001): Generated suppressed messages file C:/Users/there/OneDrive - UW/CSE 371/lab4_task2/output_files/lab4_task2.map.smsg
Info (16010): Generating hard_block partition "hard_block:auto_generated_inst"
    Info (16011): Adding 0 node(s), including 0 DDIO, 0 PLL, 0 transceiver and 0 LCELL
Warning (21074): Design contains 4 input pin(s) that do not drive logic
    Warning (15610): No output dependent on input pin "SW[8]" File: C:/Users/there/OneDrive - UW/CSE 371/lab4_task2/DE1_SoC_task2.sv Line: 5
    Warning (15610): No output dependent on input pin "KEY[1]" File: C:/Users/there/OneDrive - UW/CSE 371/lab4_task2/DE1_SoC_task2.sv Line: 6
    Warning (15610): No output dependent on input pin "KEY[2]" File: C:/Users/there/OneDrive - UW/CSE 371/lab4_task2/DE1_SoC_task2.sv Line: 6
    Warning (15610): No output dependent on input pin "KEY[3]" File: C:/Users/there/OneDrive - UW/CSE 371/lab4_task2/DE1_SoC_task2.sv Line: 6
Info (21057): Implemented 97 device resources after synthesis - the final resource count might be different
    Info (21058): Implemented 15 input pins
    Info (21059): Implemented 24 output pins
    Info (21061): Implemented 50 logic cells
    Info (21064): Implemented 8 RAM segments
Info: Quartus Prime Analysis & Synthesis was successful. 0 errors, 25 warnings
    Info: Peak virtual memory: 4889 megabytes
    Info: Processing ended: Sun Feb 12 22:26:18 2023
    Info: Elapsed time: 00:00:12
    Info: Total CPU time (on all processors): 00:00:05


+------------------------------------------+
; Analysis & Synthesis Suppressed Messages ;
+------------------------------------------+
The suppressed messages can be found in C:/Users/there/OneDrive - UW/CSE 371/lab4_task2/output_files/lab4_task2.map.smsg.


