Analysis & Synthesis report for hw4
Sun Feb 19 00:57:36 2023
Quartus Prime Version 17.0.0 Build 595 04/25/2017 SJ Lite Edition


---------------------
; Table of Contents ;
---------------------
  1. Legal Notice
  2. Analysis & Synthesis Summary
  3. Analysis & Synthesis Settings
  4. Parallel Compilation
  5. Analysis & Synthesis Source Files Read
  6. Analysis & Synthesis Resource Usage Summary
  7. Analysis & Synthesis Resource Utilization by Entity
  8. State Machine - |divider|y
  9. General Register Statistics
 10. Multiplexer Restructuring Statistics (Restructuring Performed)
 11. Parameter Settings for User Entity Instance: Top-level Entity: |divider
 12. Parameter Settings for User Entity Instance: regne:RegB
 13. Parameter Settings for User Entity Instance: shiftlne:ShiftR
 14. Parameter Settings for User Entity Instance: shiftlne:ShiftA
 15. Parameter Settings for User Entity Instance: downcount:Counter
 16. Port Connectivity Checks: "downcount:Counter"
 17. Port Connectivity Checks: "muxdff:FF_R0"
 18. Post-Synthesis Netlist Statistics for Top Partition
 19. Elapsed Time Per Partition
 20. Analysis & Synthesis Messages
 21. Analysis & Synthesis Suppressed Messages



----------------
; Legal Notice ;
----------------
Copyright (C) 2017  Intel Corporation. All rights reserved.
Your use of Intel Corporation's design tools, logic functions 
and other software and tools, and its AMPP partner logic 
functions, and any output files from any of the foregoing 
(including device programming or simulation files), and any 
associated documentation or information are expressly subject 
to the terms and conditions of the Intel Program License 
Subscription Agreement, the Intel Quartus Prime License Agreement,
the Intel MegaCore Function License Agreement, or other 
applicable license agreement, including, without limitation, 
that your use is for the sole purpose of programming logic 
devices manufactured by Intel and sold by Intel or its 
authorized distributors.  Please refer to the applicable 
agreement for further details.



+-------------------------------------------------------------------------------+
; Analysis & Synthesis Summary                                                  ;
+---------------------------------+---------------------------------------------+
; Analysis & Synthesis Status     ; Successful - Sun Feb 19 00:57:36 2023       ;
; Quartus Prime Version           ; 17.0.0 Build 595 04/25/2017 SJ Lite Edition ;
; Revision Name                   ; hw4                                         ;
; Top-level Entity Name           ; divider                                     ;
; Family                          ; Cyclone V                                   ;
; Logic utilization (in ALMs)     ; N/A                                         ;
; Total registers                 ; 31                                          ;
; Total pins                      ; 36                                          ;
; Total virtual pins              ; 0                                           ;
; Total block memory bits         ; 0                                           ;
; Total DSP Blocks                ; 0                                           ;
; Total HSSI RX PCSs              ; 0                                           ;
; Total HSSI PMA RX Deserializers ; 0                                           ;
; Total HSSI TX PCSs              ; 0                                           ;
; Total HSSI PMA TX Serializers   ; 0                                           ;
; Total PLLs                      ; 0                                           ;
; Total DLLs                      ; 0                                           ;
+---------------------------------+---------------------------------------------+


+---------------------------------------------------------------------------------------------------------------------------+
; Analysis & Synthesis Settings                                                                                             ;
+---------------------------------------------------------------------------------+--------------------+--------------------+
; Option                                                                          ; Setting            ; Default Value      ;
+---------------------------------------------------------------------------------+--------------------+--------------------+
; Device                                                                          ; 5CSEMA5F31C6       ;                    ;
; Top-level entity name                                                           ; divider            ; hw4                ;
; Family name                                                                     ; Cyclone V          ; Cyclone V          ;
; Use smart compilation                                                           ; Off                ; Off                ;
; Enable parallel Assembler and TimeQuest Timing Analyzer during compilation      ; On                 ; On                 ;
; Enable compact report table                                                     ; Off                ; Off                ;
; Restructure Multiplexers                                                        ; Auto               ; Auto               ;
; MLAB Add Timing Constraints For Mixed-Port Feed-Through Mode Setting Don't Care ; Off                ; Off                ;
; Create Debugging Nodes for IP Cores                                             ; Off                ; Off                ;
; Preserve fewer node names                                                       ; On                 ; On                 ;
; OpenCore Plus hardware evaluation                                               ; Enable             ; Enable             ;
; Verilog Version                                                                 ; Verilog_2001       ; Verilog_2001       ;
; VHDL Version                                                                    ; VHDL_1993          ; VHDL_1993          ;
; State Machine Processing                                                        ; Auto               ; Auto               ;
; Safe State Machine                                                              ; Off                ; Off                ;
; Extract Verilog State Machines                                                  ; On                 ; On                 ;
; Extract VHDL State Machines                                                     ; On                 ; On                 ;
; Ignore Verilog initial constructs                                               ; Off                ; Off                ;
; Iteration limit for constant Verilog loops                                      ; 5000               ; 5000               ;
; Iteration limit for non-constant Verilog loops                                  ; 250                ; 250                ;
; Add Pass-Through Logic to Inferred RAMs                                         ; On                 ; On                 ;
; Infer RAMs from Raw Logic                                                       ; On                 ; On                 ;
; Parallel Synthesis                                                              ; On                 ; On                 ;
; DSP Block Balancing                                                             ; Auto               ; Auto               ;
; NOT Gate Push-Back                                                              ; On                 ; On                 ;
; Power-Up Don't Care                                                             ; On                 ; On                 ;
; Remove Redundant Logic Cells                                                    ; Off                ; Off                ;
; Remove Duplicate Registers                                                      ; On                 ; On                 ;
; Ignore CARRY Buffers                                                            ; Off                ; Off                ;
; Ignore CASCADE Buffers                                                          ; Off                ; Off                ;
; Ignore GLOBAL Buffers                                                           ; Off                ; Off                ;
; Ignore ROW GLOBAL Buffers                                                       ; Off                ; Off                ;
; Ignore LCELL Buffers                                                            ; Off                ; Off                ;
; Ignore SOFT Buffers                                                             ; On                 ; On                 ;
; Limit AHDL Integers to 32 Bits                                                  ; Off                ; Off                ;
; Optimization Technique                                                          ; Balanced           ; Balanced           ;
; Carry Chain Length                                                              ; 70                 ; 70                 ;
; Auto Carry Chains                                                               ; On                 ; On                 ;
; Auto Open-Drain Pins                                                            ; On                 ; On                 ;
; Perform WYSIWYG Primitive Resynthesis                                           ; Off                ; Off                ;
; Auto ROM Replacement                                                            ; On                 ; On                 ;
; Auto RAM Replacement                                                            ; On                 ; On                 ;
; Auto DSP Block Replacement                                                      ; On                 ; On                 ;
; Auto Shift Register Replacement                                                 ; Auto               ; Auto               ;
; Allow Shift Register Merging across Hierarchies                                 ; Auto               ; Auto               ;
; Auto Clock Enable Replacement                                                   ; On                 ; On                 ;
; Strict RAM Replacement                                                          ; Off                ; Off                ;
; Allow Synchronous Control Signals                                               ; On                 ; On                 ;
; Force Use of Synchronous Clear Signals                                          ; Off                ; Off                ;
; Auto Resource Sharing                                                           ; Off                ; Off                ;
; Allow Any RAM Size For Recognition                                              ; Off                ; Off                ;
; Allow Any ROM Size For Recognition                                              ; Off                ; Off                ;
; Allow Any Shift Register Size For Recognition                                   ; Off                ; Off                ;
; Use LogicLock Constraints during Resource Balancing                             ; On                 ; On                 ;
; Ignore translate_off and synthesis_off directives                               ; Off                ; Off                ;
; Timing-Driven Synthesis                                                         ; On                 ; On                 ;
; Report Parameter Settings                                                       ; On                 ; On                 ;
; Report Source Assignments                                                       ; On                 ; On                 ;
; Report Connectivity Checks                                                      ; On                 ; On                 ;
; Ignore Maximum Fan-Out Assignments                                              ; Off                ; Off                ;
; Synchronization Register Chain Length                                           ; 3                  ; 3                  ;
; PowerPlay Power Optimization During Synthesis                                   ; Normal compilation ; Normal compilation ;
; HDL message level                                                               ; Level2             ; Level2             ;
; Suppress Register Optimization Related Messages                                 ; Off                ; Off                ;
; Number of Removed Registers Reported in Synthesis Report                        ; 5000               ; 5000               ;
; Number of Swept Nodes Reported in Synthesis Report                              ; 5000               ; 5000               ;
; Number of Inverted Registers Reported in Synthesis Report                       ; 100                ; 100                ;
; Clock MUX Protection                                                            ; On                 ; On                 ;
; Auto Gated Clock Conversion                                                     ; Off                ; Off                ;
; Block Design Naming                                                             ; Auto               ; Auto               ;
; SDC constraint protection                                                       ; Off                ; Off                ;
; Synthesis Effort                                                                ; Auto               ; Auto               ;
; Shift Register Replacement - Allow Asynchronous Clear Signal                    ; On                 ; On                 ;
; Pre-Mapping Resynthesis Optimization                                            ; Off                ; Off                ;
; Analysis & Synthesis Message Level                                              ; Medium             ; Medium             ;
; Disable Register Merging Across Hierarchies                                     ; Auto               ; Auto               ;
; Resource Aware Inference For Block RAM                                          ; On                 ; On                 ;
; Automatic Parallel Synthesis                                                    ; On                 ; On                 ;
; Partial Reconfiguration Bitstream ID                                            ; Off                ; Off                ;
+---------------------------------------------------------------------------------+--------------------+--------------------+


+------------------------------------------+
; Parallel Compilation                     ;
+----------------------------+-------------+
; Processors                 ; Number      ;
+----------------------------+-------------+
; Number detected on machine ; 12          ;
; Maximum allowed            ; 12          ;
;                            ;             ;
; Average used               ; 1.00        ;
; Maximum used               ; 12          ;
;                            ;             ;
; Usage by Processor         ; % Time Used ;
;     Processor 1            ; 100.0%      ;
;     Processors 2-12        ;   0.0%      ;
+----------------------------+-------------+


+-----------------------------------------------------------------------------------------------------------------------------------------------------+
; Analysis & Synthesis Source Files Read                                                                                                              ;
+----------------------------------+-----------------+------------------------------+-------------------------------------------------------+---------+
; File Name with User-Entered Path ; Used in Netlist ; File Type                    ; File Name with Absolute Path                          ; Library ;
+----------------------------------+-----------------+------------------------------+-------------------------------------------------------+---------+
; shiftlne.sv                      ; yes             ; User SystemVerilog HDL File  ; C:/Users/there/OneDrive - UW/CSE 371/hw4/shiftlne.sv  ;         ;
; regne.sv                         ; yes             ; User SystemVerilog HDL File  ; C:/Users/there/OneDrive - UW/CSE 371/hw4/regne.sv     ;         ;
; muxdff.sv                        ; yes             ; User SystemVerilog HDL File  ; C:/Users/there/OneDrive - UW/CSE 371/hw4/muxdff.sv    ;         ;
; downcount.sv                     ; yes             ; User SystemVerilog HDL File  ; C:/Users/there/OneDrive - UW/CSE 371/hw4/downcount.sv ;         ;
; divider.sv                       ; yes             ; User SystemVerilog HDL File  ; C:/Users/there/OneDrive - UW/CSE 371/hw4/divider.sv   ;         ;
+----------------------------------+-----------------+------------------------------+-------------------------------------------------------+---------+


+-----------------------------------------------------------+
; Analysis & Synthesis Resource Usage Summary               ;
+---------------------------------------------+-------------+
; Resource                                    ; Usage       ;
+---------------------------------------------+-------------+
; Estimate of Logic utilization (ALMs needed) ; 27          ;
;                                             ;             ;
; Combinational ALUT usage for logic          ; 34          ;
;     -- 7 input functions                    ; 0           ;
;     -- 6 input functions                    ; 10          ;
;     -- 5 input functions                    ; 4           ;
;     -- 4 input functions                    ; 1           ;
;     -- <=3 input functions                  ; 19          ;
;                                             ;             ;
; Dedicated logic registers                   ; 31          ;
;                                             ;             ;
; I/O pins                                    ; 36          ;
;                                             ;             ;
; Total DSP Blocks                            ; 0           ;
;                                             ;             ;
; Maximum fan-out node                        ; Clock~input ;
; Maximum fan-out                             ; 31          ;
; Total fan-out                               ; 301         ;
; Average fan-out                             ; 2.20        ;
+---------------------------------------------+-------------+


+-----------------------------------------------------------------------------------------------------------------------------------------------------------------------------------------------+
; Analysis & Synthesis Resource Utilization by Entity                                                                                                                                           ;
+----------------------------+---------------------+---------------------------+-------------------+------------+------+--------------+----------------------------+-------------+--------------+
; Compilation Hierarchy Node ; Combinational ALUTs ; Dedicated Logic Registers ; Block Memory Bits ; DSP Blocks ; Pins ; Virtual Pins ; Full Hierarchy Name        ; Entity Name ; Library Name ;
+----------------------------+---------------------+---------------------------+-------------------+------------+------+--------------+----------------------------+-------------+--------------+
; |divider                   ; 34 (21)             ; 31 (3)                    ; 0                 ; 0          ; 36   ; 0            ; |divider                   ; divider     ; work         ;
;    |downcount:Counter|     ; 3 (3)               ; 3 (3)                     ; 0                 ; 0          ; 0    ; 0            ; |divider|downcount:Counter ; downcount   ; work         ;
;    |muxdff:FF_R0|          ; 1 (1)               ; 1 (1)                     ; 0                 ; 0          ; 0    ; 0            ; |divider|muxdff:FF_R0      ; muxdff      ; work         ;
;    |regne:RegB|            ; 0 (0)               ; 8 (8)                     ; 0                 ; 0          ; 0    ; 0            ; |divider|regne:RegB        ; regne       ; work         ;
;    |shiftlne:ShiftA|       ; 0 (0)               ; 8 (8)                     ; 0                 ; 0          ; 0    ; 0            ; |divider|shiftlne:ShiftA   ; shiftlne    ; work         ;
;    |shiftlne:ShiftR|       ; 9 (9)               ; 8 (8)                     ; 0                 ; 0          ; 0    ; 0            ; |divider|shiftlne:ShiftR   ; shiftlne    ; work         ;
+----------------------------+---------------------+---------------------------+-------------------+------------+------+--------------+----------------------------+-------------+--------------+
Note: For table entries with two numbers listed, the numbers in parentheses indicate the number of resources of the given type used by the specific entity alone. The numbers listed outside of parentheses indicate the total resources of the given type used by the specific entity and all of its sub-entities in the hierarchy.


Encoding Type:  One-Hot
+----------------------------+
; State Machine - |divider|y ;
+------+------+------+-------+
; Name ; y.S1 ; y.S3 ; y.S2  ;
+------+------+------+-------+
; y.S1 ; 0    ; 0    ; 0     ;
; y.S2 ; 1    ; 0    ; 1     ;
; y.S3 ; 1    ; 1    ; 0     ;
+------+------+------+-------+


+------------------------------------------------------+
; General Register Statistics                          ;
+----------------------------------------------+-------+
; Statistic                                    ; Value ;
+----------------------------------------------+-------+
; Total registers                              ; 31    ;
; Number of registers using Synchronous Clear  ; 8     ;
; Number of registers using Synchronous Load   ; 8     ;
; Number of registers using Asynchronous Clear ; 11    ;
; Number of registers using Asynchronous Load  ; 0     ;
; Number of registers using Clock Enable       ; 24    ;
; Number of registers using Preset             ; 0     ;
+----------------------------------------------+-------+


+-----------------------------------------------------------------------------------------------------------------------------------------------+
; Multiplexer Restructuring Statistics (Restructuring Performed)                                                                                ;
+--------------------+-----------+---------------+----------------------+------------------------+------------+---------------------------------+
; Multiplexer Inputs ; Bus Width ; Baseline Area ; Area if Restructured ; Saving if Restructured ; Registered ; Example Multiplexer Output      ;
+--------------------+-----------+---------------+----------------------+------------------------+------------+---------------------------------+
; 3:1                ; 8 bits    ; 16 LEs        ; 0 LEs                ; 16 LEs                 ; Yes        ; |divider|shiftlne:ShiftA|Q[0]   ;
; 3:1                ; 3 bits    ; 6 LEs         ; 3 LEs                ; 3 LEs                  ; Yes        ; |divider|downcount:Counter|Q[0] ;
; 4:1                ; 8 bits    ; 16 LEs        ; 8 LEs                ; 8 LEs                  ; Yes        ; |divider|shiftlne:ShiftR|Q[0]   ;
+--------------------+-----------+---------------+----------------------+------------------------+------------+---------------------------------+


+-------------------------------------------------------------------------+
; Parameter Settings for User Entity Instance: Top-level Entity: |divider ;
+----------------+-------+------------------------------------------------+
; Parameter Name ; Value ; Type                                           ;
+----------------+-------+------------------------------------------------+
; n              ; 8     ; Signed Integer                                 ;
; logn           ; 3     ; Signed Integer                                 ;
; S1             ; 00    ; Unsigned Binary                                ;
; S2             ; 01    ; Unsigned Binary                                ;
; S3             ; 10    ; Unsigned Binary                                ;
+----------------+-------+------------------------------------------------+
Note: In order to hide this table in the UI and the text report file, please set the "Show Parameter Settings in Synthesis Report" option in "Analysis and Synthesis Settings -> More Settings" to "Off".


+---------------------------------------------------------+
; Parameter Settings for User Entity Instance: regne:RegB ;
+----------------+-------+--------------------------------+
; Parameter Name ; Value ; Type                           ;
+----------------+-------+--------------------------------+
; n              ; 8     ; Signed Integer                 ;
+----------------+-------+--------------------------------+
Note: In order to hide this table in the UI and the text report file, please set the "Show Parameter Settings in Synthesis Report" option in "Analysis and Synthesis Settings -> More Settings" to "Off".


+--------------------------------------------------------------+
; Parameter Settings for User Entity Instance: shiftlne:ShiftR ;
+----------------+-------+-------------------------------------+
; Parameter Name ; Value ; Type                                ;
+----------------+-------+-------------------------------------+
; n              ; 8     ; Signed Integer                      ;
+----------------+-------+-------------------------------------+
Note: In order to hide this table in the UI and the text report file, please set the "Show Parameter Settings in Synthesis Report" option in "Analysis and Synthesis Settings -> More Settings" to "Off".


+--------------------------------------------------------------+
; Parameter Settings for User Entity Instance: shiftlne:ShiftA ;
+----------------+-------+-------------------------------------+
; Parameter Name ; Value ; Type                                ;
+----------------+-------+-------------------------------------+
; n              ; 8     ; Signed Integer                      ;
+----------------+-------+-------------------------------------+
Note: In order to hide this table in the UI and the text report file, please set the "Show Parameter Settings in Synthesis Report" option in "Analysis and Synthesis Settings -> More Settings" to "Off".


+----------------------------------------------------------------+
; Parameter Settings for User Entity Instance: downcount:Counter ;
+----------------+-------+---------------------------------------+
; Parameter Name ; Value ; Type                                  ;
+----------------+-------+---------------------------------------+
; n              ; 3     ; Signed Integer                        ;
+----------------+-------+---------------------------------------+
Note: In order to hide this table in the UI and the text report file, please set the "Show Parameter Settings in Synthesis Report" option in "Analysis and Synthesis Settings -> More Settings" to "Off".


+-----------------------------------------------+
; Port Connectivity Checks: "downcount:Counter" ;
+------+-------+----------+---------------------+
; Port ; Type  ; Severity ; Details             ;
+------+-------+----------+---------------------+
; R    ; Input ; Info     ; Stuck at VCC        ;
+------+-------+----------+---------------------+


+------------------------------------------+
; Port Connectivity Checks: "muxdff:FF_R0" ;
+------+-------+----------+----------------+
; Port ; Type  ; Severity ; Details        ;
+------+-------+----------+----------------+
; D0   ; Input ; Info     ; Stuck at GND   ;
+------+-------+----------+----------------+


+-----------------------------------------------------+
; Post-Synthesis Netlist Statistics for Top Partition ;
+-----------------------+-----------------------------+
; Type                  ; Count                       ;
+-----------------------+-----------------------------+
; arriav_ff             ; 31                          ;
;     CLR               ; 3                           ;
;     ENA CLR           ; 8                           ;
;     ENA SCLR          ; 8                           ;
;     ENA SLD           ; 8                           ;
;     plain             ; 4                           ;
; arriav_lcell_comb     ; 34                          ;
;     arith             ; 17                          ;
;         0 data inputs ; 1                           ;
;         1 data inputs ; 8                           ;
;         2 data inputs ; 8                           ;
;     normal            ; 17                          ;
;         2 data inputs ; 2                           ;
;         4 data inputs ; 1                           ;
;         5 data inputs ; 4                           ;
;         6 data inputs ; 10                          ;
; boundary_port         ; 36                          ;
;                       ;                             ;
; Max LUT depth         ; 3.80                        ;
; Average LUT depth     ; 2.18                        ;
+-----------------------+-----------------------------+


+-------------------------------+
; Elapsed Time Per Partition    ;
+----------------+--------------+
; Partition Name ; Elapsed Time ;
+----------------+--------------+
; Top            ; 00:00:00     ;
+----------------+--------------+


+-------------------------------+
; Analysis & Synthesis Messages ;
+-------------------------------+
Info: *******************************************************************
Info: Running Quartus Prime Analysis & Synthesis
    Info: Version 17.0.0 Build 595 04/25/2017 SJ Lite Edition
    Info: Processing started: Sun Feb 19 00:57:28 2023
Info: Command: quartus_map --read_settings_files=on --write_settings_files=off hw4 -c hw4
Info (125069): Default assignment values were changed in the current version of the Quartus Prime software -- changes to default assignments values are contained in file c:/intelfpga_lite/17.0/quartus/bin64/assignment_defaults.qdf
Warning (18236): Number of processors has not been specified which may cause overloading on shared machines.  Set the global assignment NUM_PARALLEL_PROCESSORS in your QSF to an appropriate value for best performance.
Info (20030): Parallel compilation is enabled and will use 12 of the 12 processors detected
Info (12021): Found 2 design units, including 2 entities, in source file shiftlne.sv
    Info (12023): Found entity 1: shiftlne File: C:/Users/there/OneDrive - UW/CSE 371/hw4/shiftlne.sv Line: 16
    Info (12023): Found entity 2: shiftlne_testbench File: C:/Users/there/OneDrive - UW/CSE 371/hw4/shiftlne.sv Line: 38
Info (12021): Found 1 design units, including 1 entities, in source file regne.sv
    Info (12023): Found entity 1: regne File: C:/Users/there/OneDrive - UW/CSE 371/hw4/regne.sv Line: 15
Info (12021): Found 1 design units, including 1 entities, in source file muxdff.sv
    Info (12023): Found entity 1: muxdff File: C:/Users/there/OneDrive - UW/CSE 371/hw4/muxdff.sv Line: 12
Info (12021): Found 2 design units, including 2 entities, in source file downcount.sv
    Info (12023): Found entity 1: downcount File: C:/Users/there/OneDrive - UW/CSE 371/hw4/downcount.sv Line: 15
    Info (12023): Found entity 2: downcount_testbench File: C:/Users/there/OneDrive - UW/CSE 371/hw4/downcount.sv Line: 29
Info (12021): Found 2 design units, including 2 entities, in source file divider.sv
    Info (12023): Found entity 1: divider File: C:/Users/there/OneDrive - UW/CSE 371/hw4/divider.sv Line: 21
    Info (12023): Found entity 2: divider_testbench File: C:/Users/there/OneDrive - UW/CSE 371/hw4/divider.sv Line: 128
Info (12127): Elaborating entity "divider" for the top level hierarchy
Warning (10230): Verilog HDL assignment warning at divider.sv(124): truncated value with size 32 to match size of target (8) File: C:/Users/there/OneDrive - UW/CSE 371/hw4/divider.sv Line: 124
Info (12128): Elaborating entity "regne" for hierarchy "regne:RegB" File: C:/Users/there/OneDrive - UW/CSE 371/hw4/divider.sv Line: 96
Info (12128): Elaborating entity "shiftlne" for hierarchy "shiftlne:ShiftR" File: C:/Users/there/OneDrive - UW/CSE 371/hw4/divider.sv Line: 99
Info (12128): Elaborating entity "muxdff" for hierarchy "muxdff:FF_R0" File: C:/Users/there/OneDrive - UW/CSE 371/hw4/divider.sv Line: 102
Info (12128): Elaborating entity "downcount" for hierarchy "downcount:Counter" File: C:/Users/there/OneDrive - UW/CSE 371/hw4/divider.sv Line: 110
Info (286030): Timing-Driven Synthesis is running
Info (144001): Generated suppressed messages file C:/Users/there/OneDrive - UW/CSE 371/hw4/output_files/hw4.map.smsg
Info (16010): Generating hard_block partition "hard_block:auto_generated_inst"
    Info (16011): Adding 0 node(s), including 0 DDIO, 0 PLL, 0 transceiver and 0 LCELL
Info (21057): Implemented 86 device resources after synthesis - the final resource count might be different
    Info (21058): Implemented 19 input pins
    Info (21059): Implemented 17 output pins
    Info (21061): Implemented 50 logic cells
Info: Quartus Prime Analysis & Synthesis was successful. 0 errors, 2 warnings
    Info: Peak virtual memory: 4880 megabytes
    Info: Processing ended: Sun Feb 19 00:57:36 2023
    Info: Elapsed time: 00:00:08
    Info: Total CPU time (on all processors): 00:00:07


+------------------------------------------+
; Analysis & Synthesis Suppressed Messages ;
+------------------------------------------+
The suppressed messages can be found in C:/Users/there/OneDrive - UW/CSE 371/hw4/output_files/hw4.map.smsg.


